d(H-D)=    3.74 +-  0.00 #hb=    1  atoms "A   -531 -ASN -CG  " and "B   -4   -ARG -CG  "
d(H-D)=    3.88 +-  0.02 #hb=    2  atoms "A   -531 -ASN -CG  " and "B   -4   -ARG -CZ  "
d(H-D)=    3.82 +-  0.00 #hb=    1  atoms "A   -532 -TYR -CD2 " and "B   -4   -ARG -CD  "
d(H-D)=    3.84 +-  0.01 #hb=    2  atoms "A   -532 -TYR -CD2 " and "B   -6   -TYR -CD2 "
d(H-D)=    3.67 +-  0.12 #hb=  111  atoms "A   -532 -TYR -CD2 " and "B   -6   -TYR -CE2 "
d(H-D)=    3.74 +-  0.08 #hb=    2  atoms "A   -532 -TYR -CD2 " and "B   -6   -TYR -CZ  "
d(H-D)=    3.83 +-  0.05 #hb=    4  atoms "A   -532 -TYR -CE1 " and "B   -4   -ARG -CZ  "
d(H-D)=    3.75 +-  0.11 #hb=   20  atoms "A   -532 -TYR -CE2 " and "B   -4   -ARG -CD  "
d(H-D)=    3.68 +-  0.12 #hb=   58  atoms "A   -532 -TYR -CE2 " and "B   -4   -ARG -CZ  "
d(H-D)=    3.72 +-  0.12 #hb=   44  atoms "A   -532 -TYR -CE2 " and "B   -6   -TYR -CD2 "
d(H-D)=    3.69 +-  0.12 #hb=   92  atoms "A   -532 -TYR -CE2 " and "B   -6   -TYR -CE2 "
d(H-D)=    3.72 +-  0.10 #hb=   49  atoms "A   -532 -TYR -CZ  " and "B   -4   -ARG -CZ  "
d(H-D)=    3.80 +-  0.00 #hb=    1  atoms "A   -534 -ARG -CD  " and "B   -3   -TRP -CH2 "
d(H-D)=    3.74 +-  0.11 #hb=   62  atoms "A   -534 -ARG -CD  " and "B   -3   -TRP -CZ3 "
d(H-D)=    3.83 +-  0.00 #hb=    1  atoms "A   -534 -ARG -CG  " and "B   -3   -TRP -CH2 "
d(H-D)=    3.73 +-  0.10 #hb=   37  atoms "A   -534 -ARG -CG  " and "B   -3   -TRP -CZ3 "
d(H-D)=    3.84 +-  0.08 #hb=    5  atoms "A   -534 -ARG -CZ  " and "B   -3   -TRP -CE3 "
d(H-D)=    3.48 +-  0.00 #hb=    1  atoms "A   -534 -ARG -CZ  " and "B   -3   -TRP -CZ3 "
d(H-D)=    3.76 +-  0.11 #hb=   22  atoms "A   -550 -GLU -CD  " and "B   -2   -MET -CA  "
d(H-D)=    3.84 +-  0.03 #hb=    6  atoms "A   -550 -GLU -CD  " and "B   -2   -MET -CB  "
d(H-D)=    3.72 +-  0.12 #hb=    2  atoms "A   -550 -GLU -CD  " and "B   -2   -MET -CE  "
d(H-D)=    3.79 +-  0.09 #hb=   28  atoms "A   -550 -GLU -CD  " and "B   -2   -MET -CG  "
d(H-D)=    3.75 +-  0.09 #hb=   27  atoms "A   -575 -PRO -CB  " and "B   -2   -MET -CE  "
d(H-D)=    3.74 +-  0.10 #hb=   19  atoms "A   -575 -PRO -CG  " and "B   -2   -MET -CE  "
d(H-D)=    3.88 +-  0.00 #hb=    2  atoms "A   -576 -ALA -CA  " and "B   -2   -MET -CE  "
d(H-D)=    3.89 +-  0.00 #hb=    1  atoms "A   -576 -ALA -CA  " and "B   -2   -MET -CG  "
d(H-D)=    3.82 +-  0.03 #hb=    2  atoms "A   -576 -ALA -CB  " and "B   -2   -MET -CB  "
d(H-D)=    3.82 +-  0.04 #hb=    7  atoms "A   -576 -ALA -CB  " and "B   -2   -MET -CE  "
d(H-D)=    3.78 +-  0.08 #hb=   13  atoms "A   -576 -ALA -CB  " and "B   -2   -MET -CG  "
d(H-D)=    3.87 +-  0.00 #hb=    1  atoms "A   -578 -TYR -CA  " and "B   -3   -TRP -CH2 "
d(H-D)=    3.75 +-  0.10 #hb=    4  atoms "A   -578 -TYR -CA  " and "B   -3   -TRP -CZ3 "
d(H-D)=    3.81 +-  0.08 #hb=    9  atoms "A   -578 -TYR -CD1 " and "B   -3   -TRP -CE3 "
d(H-D)=    3.81 +-  0.08 #hb=   41  atoms "A   -578 -TYR -CD2 " and "B   -3   -TRP -CE3 "
d(H-D)=    3.76 +-  0.14 #hb=    3  atoms "A   -578 -TYR -CD2 " and "B   -3   -TRP -CH2 "
d(H-D)=    3.79 +-  0.11 #hb=   20  atoms "A   -578 -TYR -CD2 " and "B   -3   -TRP -CZ3 "
d(H-D)=    3.77 +-  0.10 #hb=    6  atoms "A   -578 -TYR -CE1 " and "B   -3   -TRP -CB  "
d(H-D)=    3.74 +-  0.08 #hb=   11  atoms "A   -578 -TYR -CE1 " and "B   -3   -TRP -CE3 "
d(H-D)=    3.84 +-  0.04 #hb=    4  atoms "A   -578 -TYR -CE2 " and "B   -3   -TRP -CB  "
d(H-D)=    3.81 +-  0.07 #hb=   28  atoms "A   -578 -TYR -CE2 " and "B   -3   -TRP -CD2 "
d(H-D)=    3.79 +-  0.00 #hb=    1  atoms "A   -578 -TYR -CE2 " and "B   -3   -TRP -CE2 "
d(H-D)=    3.76 +-  0.09 #hb=   89  atoms "A   -578 -TYR -CE2 " and "B   -3   -TRP -CE3 "
d(H-D)=    3.83 +-  0.00 #hb=    1  atoms "A   -578 -TYR -CE2 " and "B   -3   -TRP -CG  "
d(H-D)=    3.70 +-  0.00 #hb=    1  atoms "A   -578 -TYR -CE2 " and "B   -3   -TRP -CZ3 "
d(H-D)=    3.78 +-  0.09 #hb=    2  atoms "A   -578 -TYR -CG  " and "B   -3   -TRP -CZ3 "
d(H-D)=    3.81 +-  0.00 #hb=    1  atoms "A   -578 -TYR -CZ  " and "B   -3   -TRP -CB  "
d(H-D)=    3.89 +-  0.00 #hb=    1  atoms "A   -620 -SER -CA  " and "B   -3   -TRP -CH2 "
d(H-D)=    3.68 +-  0.11 #hb=  149  atoms "A   -620 -SER -CB  " and "B   -3   -TRP -CH2 "
d(H-D)=    3.76 +-  0.10 #hb=   51  atoms "A   -620 -SER -CB  " and "B   -3   -TRP -CZ2 "
d(H-D)=    3.79 +-  0.07 #hb=   17  atoms "A   -620 -SER -CB  " and "B   -3   -TRP -CZ3 "
d(H-D)=    3.59 +-  0.11 #hb=  182  atoms "A   -636 -LEU -CD1 " and "B   -3   -TRP -CD1 "
d(H-D)=    3.75 +-  0.09 #hb=   36  atoms "A   -636 -LEU -CD1 " and "B   -3   -TRP -CD2 "
d(H-D)=    3.81 +-  0.08 #hb=   50  atoms "A   -636 -LEU -CD1 " and "B   -3   -TRP -CE2 "
d(H-D)=    3.78 +-  0.06 #hb=    4  atoms "A   -636 -LEU -CD1 " and "B   -3   -TRP -CE3 "
d(H-D)=    3.81 +-  0.05 #hb=  102  atoms "A   -636 -LEU -CD1 " and "B   -3   -TRP -CG  "
d(H-D)=    3.64 +-  0.09 #hb=    3  atoms "A   -636 -LEU -CD2 " and "B   -3   -TRP -CD1 "
d(H-D)=    3.77 +-  0.09 #hb=   79  atoms "A   -636 -LEU -CD2 " and "B   -3   -TRP -CE2 "
d(H-D)=    3.70 +-  0.12 #hb=    8  atoms "A   -636 -LEU -CD2 " and "B   -3   -TRP -CH2 "
d(H-D)=    3.70 +-  0.12 #hb=   64  atoms "A   -636 -LEU -CD2 " and "B   -3   -TRP -CZ2 "
d(H-D)=    3.83 +-  0.00 #hb=    1  atoms "A   -636 -LEU -CD2 " and "B   -3   -TRP -CZ3 "
d(H-D)=    3.84 +-  0.02 #hb=    2  atoms "A   -661 -PHE -CD1 " and "B   -3   -TRP -CH2 "
d(H-D)=    3.68 +-  0.11 #hb=  123  atoms "A   -661 -PHE -CD1 " and "B   -3   -TRP -CZ2 "
d(H-D)=    3.85 +-  0.05 #hb=    8  atoms "A   -661 -PHE -CD1 " and "B   -5   -PRO -CB  "
d(H-D)=    3.78 +-  0.08 #hb=    7  atoms "A   -661 -PHE -CD1 " and "B   -5   -PRO -CG  "
d(H-D)=    3.90 +-  0.00 #hb=    1  atoms "A   -661 -PHE -CD2 " and "B   -3   -TRP -CH2 "
d(H-D)=    3.76 +-  0.13 #hb=    9  atoms "A   -661 -PHE -CD2 " and "B   -3   -TRP -CZ2 "
d(H-D)=    3.76 +-  0.04 #hb=    3  atoms "A   -661 -PHE -CD2 " and "B   -5   -PRO -CB  "
d(H-D)=    3.86 +-  0.00 #hb=    1  atoms "A   -661 -PHE -CD2 " and "B   -5   -PRO -CG  "
d(H-D)=    3.86 +-  0.04 #hb=    3  atoms "A   -661 -PHE -CE1 " and "B   -3   -TRP -CE2 "
d(H-D)=    3.66 +-  0.01 #hb=    2  atoms "A   -661 -PHE -CE1 " and "B   -3   -TRP -CH2 "
d(H-D)=    3.70 +-  0.11 #hb=  125  atoms "A   -661 -PHE -CE1 " and "B   -3   -TRP -CZ2 "
d(H-D)=    3.63 +-  0.14 #hb=  100  atoms "A   -661 -PHE -CE1 " and "B   -5   -PRO -CB  "
d(H-D)=    3.68 +-  0.13 #hb=   55  atoms "A   -661 -PHE -CE1 " and "B   -5   -PRO -CG  "
d(H-D)=    3.83 +-  0.02 #hb=    2  atoms "A   -661 -PHE -CE2 " and "B   -3   -TRP -CH2 "
d(H-D)=    3.70 +-  0.10 #hb=   17  atoms "A   -661 -PHE -CE2 " and "B   -3   -TRP -CZ2 "
d(H-D)=    3.61 +-  0.16 #hb=   29  atoms "A   -661 -PHE -CE2 " and "B   -5   -PRO -CB  "
d(H-D)=    3.65 +-  0.08 #hb=    7  atoms "A   -661 -PHE -CE2 " and "B   -5   -PRO -CG  "
d(H-D)=    3.79 +-  0.04 #hb=    2  atoms "A   -661 -PHE -CZ  " and "B   -3   -TRP -CH2 "
d(H-D)=    3.71 +-  0.13 #hb=   22  atoms "A   -661 -PHE -CZ  " and "B   -3   -TRP -CZ2 "
d(H-D)=    3.79 +-  0.09 #hb=   26  atoms "A   -661 -PHE -CZ  " and "B   -5   -PRO -CB  "
d(H-D)=    3.82 +-  0.02 #hb=    4  atoms "A   -661 -PHE -CZ  " and "B   -5   -PRO -CG  "
d(H-D)=    3.65 +-  0.11 #hb=    6  atoms "A   -702 -LEU -CB  " and "B   -6   -TYR -CE1 "
d(H-D)=    3.81 +-  0.05 #hb=    8  atoms "A   -702 -LEU -CD1 " and "B   -6   -TYR -CB  "
d(H-D)=    3.71 +-  0.13 #hb=   11  atoms "A   -702 -LEU -CD1 " and "B   -6   -TYR -CD1 "
d(H-D)=    3.73 +-  0.04 #hb=    3  atoms "A   -702 -LEU -CD1 " and "B   -6   -TYR -CE1 "
d(H-D)=    3.82 +-  0.06 #hb=   18  atoms "A   -702 -LEU -CD2 " and "B   -5   -PRO -CB  "
d(H-D)=    3.84 +-  0.04 #hb=   13  atoms "A   -702 -LEU -CD2 " and "B   -5   -PRO -CG  "
d(H-D)=    3.74 +-  0.10 #hb=   12  atoms "A   -702 -LEU -CD2 " and "B   -6   -TYR -CD1 "
d(H-D)=    3.82 +-  0.06 #hb=    4  atoms "A   -702 -LEU -CD2 " and "B   -6   -TYR -CE1 "
d(H-D)=    3.84 +-  0.00 #hb=    1  atoms "A   -702 -LEU -CG  " and "B   -6   -TYR -CE1 "
d(H-D)=    3.75 +-  0.00 #hb=    2  atoms "A   -718 -LYS -CE  " and "B   -6   -TYR -C   "
d(H-D)=    3.70 +-  0.02 #hb=    4  atoms "A   -743 -LEU -CA  " and "B   -6   -TYR -CE1 "
d(H-D)=    3.80 +-  0.12 #hb=   17  atoms "A   -743 -LEU -CD1 " and "B   -6   -TYR -CB  "
d(H-D)=    3.81 +-  0.08 #hb=   20  atoms "A   -743 -LEU -CD2 " and "B   -6   -TYR -CB  "
d(H-D)=    3.75 +-  0.11 #hb=   33  atoms "A   -743 -LEU -CD2 " and "B   -6   -TYR -CD1 "
d(H-D)=    3.58 +-  0.12 #hb=  187  atoms "A   -743 -LEU -CD2 " and "B   -6   -TYR -CD2 "
d(H-D)=    3.88 +-  0.02 #hb=    2  atoms "A   -743 -LEU -CD2 " and "B   -6   -TYR -CE1 "
d(H-D)=    3.79 +-  0.08 #hb=   57  atoms "A   -743 -LEU -CD2 " and "B   -6   -TYR -CE2 "
d(H-D)=    3.70 +-  0.10 #hb=  164  atoms "A   -743 -LEU -CD2 " and "B   -6   -TYR -CG  "
d(H-D)=    3.86 +-  0.04 #hb=    2  atoms "A   -743 -LEU -CD2 " and "B   -6   -TYR -CZ  "
d(H-D)=    3.79 +-  0.07 #hb=  117  atoms "A   -743 -LEU -CG  " and "B   -6   -TYR -CB  "
d(H-D)=    3.74 +-  0.12 #hb=   51  atoms "A   -743 -LEU -CG  " and "B   -6   -TYR -CD1 "
d(H-D)=    3.74 +-  0.13 #hb=   44  atoms "A   -743 -LEU -CG  " and "B   -6   -TYR -CD2 "
d(H-D)=    3.86 +-  0.02 #hb=    6  atoms "A   -743 -LEU -CG  " and "B   -6   -TYR -CE1 "
d(H-D)=    3.85 +-  0.00 #hb=    1  atoms "A   -743 -LEU -CG  " and "B   -6   -TYR -CE2 "
d(H-D)=    3.73 +-  0.09 #hb=  150  atoms "A   -743 -LEU -CG  " and "B   -6   -TYR -CG  "
