Interface Mode ON
Loaded 200 structures
Using complex_70w.pdb as reference
Read 2 chains from contacts file: AB
Symmetry option on. Checking chain lengths: WARNING!! Chains have different lengths! (B:5 != A:337)
You main run into problems later on...
OK!
Generating ZONE definitions..
Symmetry option was turned on, but chains are not identical: Turning symmetry off
Defined 1 zone(s)
ZONE CLEAR \n ZONE A485-A485:A485-A485 ZONE A486-A486:A486-A486 ZONE A487-A487:A487-A487 ZONE A488-A488:A488-A488 ZONE A489-A489:A489-A489 ZONE A490-A490:A490-A490 ZONE A502-A502:A502-A502 ZONE A503-A503:A503-A503 ZONE A504-A504:A504-A504 ZONE A505-A505:A505-A505 ZONE A527-A527:A527-A527 ZONE A528-A528:A528-A528 ZONE A529-A529:A529-A529 ZONE A530-A530:A530-A530 ZONE A531-A531:A531-A531 ZONE A532-A532:A532-A532 ZONE A533-A533:A533-A533 ZONE A534-A534:A534-A534 ZONE A535-A535:A535-A535 ZONE A548-A548:A548-A548 ZONE A549-A549:A549-A549 ZONE A550-A550:A550-A550 ZONE A551-A551:A551-A551 ZONE A552-A552:A552-A552 ZONE A574-A574:A574-A574 ZONE A575-A575:A575-A575 ZONE A576-A576:A576-A576 ZONE A577-A577:A577-A577 ZONE A578-A578:A578-A578 ZONE A579-A579:A579-A579 ZONE A580-A580:A580-A580 ZONE A592-A592:A592-A592 ZONE A593-A593:A593-A593 ZONE A594-A594:A594-A594 ZONE A595-A595:A595-A595 ZONE A617-A617:A617-A617 ZONE A618-A618:A618-A618 ZONE A619-A619:A619-A619 ZONE A620-A620:A620-A620 ZONE A621-A621:A621-A621 ZONE A622-A622:A622-A622 ZONE A634-A634:A634-A634 ZONE A635-A635:A635-A635 ZONE A636-A636:A636-A636 ZONE A637-A637:A637-A637 ZONE A638-A638:A638-A638 ZONE A659-A659:A659-A659 ZONE A660-A660:A660-A660 ZONE A661-A661:A661-A661 ZONE A662-A662:A662-A662 ZONE A663-A663:A663-A663 ZONE A675-A675:A675-A675 ZONE A676-A676:A676-A676 ZONE A677-A677:A677-A677 ZONE A699-A699:A699-A699 ZONE A700-A700:A700-A700 ZONE A701-A701:A701-A701 ZONE A702-A702:A702-A702 ZONE A703-A703:A703-A703 ZONE A704-A704:A704-A704 ZONE A716-A716:A716-A716 ZONE A717-A717:A717-A717 ZONE A718-A718:A718-A718 ZONE A719-A719:A719-A719 ZONE A720-A720:A720-A720 ZONE A740-A740:A740-A740 ZONE A741-A741:A741-A741 ZONE A742-A742:A742-A742 ZONE A743-A743:A743-A743 ZONE A744-A744:A744-A744 ZONE A745-A745:A745-A745 ZONE A757-A757:A757-A757 ZONE A758-A758:A758-A758 ZONE A759-A759:A759-A759 ZONE A760-A760:A760-A760\n ZONE B2-B2:B2-B2 ZONE B3-B3:B3-B3 ZONE B4-B4:B4-B4 ZONE B5-B5:B5-B5 ZONE B6-B6:B6-B6\n FIT
RMS: 0.000
1
RMS: 0.759
1
RMS: 0.696
1
RMS: 0.208
1
RMS: 0.213
1
RMS: 0.398
1
RMS: 0.303
1
RMS: 0.620
1
RMS: 0.371
1
RMS: 0.081
1
RMS: 0.806
1
RMS: 0.525
1
RMS: 0.546
1
RMS: 0.683
1
RMS: 0.181
1
RMS: 0.248
1
RMS: 0.785
1
RMS: 0.366
1
RMS: 0.150
1
RMS: 0.669
1
RMS: 0.859
1
RMS: 0.488
1
RMS: 0.195
1
RMS: 0.457
1
RMS: 0.329
1
RMS: 0.396
1
RMS: 0.170
1
RMS: 0.150
1
RMS: 0.288
1
RMS: 0.554
1
RMS: 0.176
1
RMS: 0.818
1
RMS: 0.275
1
RMS: 0.574
1
RMS: 0.558
1
RMS: 0.376
1
RMS: 0.604
1
RMS: 0.473
1
RMS: 0.716
1
RMS: 0.818
1
RMS: 0.445
1
RMS: 0.233
1
RMS: 0.519
1
RMS: 0.882
1
RMS: 0.584
1
RMS: 0.360
1
RMS: 0.340
1
RMS: 1.007
1
RMS: 0.340
1
RMS: 0.605
1
RMS: 0.822
1
RMS: 0.515
1
RMS: 1.148
1
RMS: 0.594
1
RMS: 0.172
1
RMS: 0.298
1
RMS: 0.433
1
RMS: 0.734
1
RMS: 0.198
1
RMS: 0.110
1
RMS: 0.343
1
RMS: 0.389
1
RMS: 0.433
1
RMS: 1.090
1
RMS: 0.225
1
RMS: 0.148
1
RMS: 0.725
1
RMS: 0.681
1
RMS: 0.636
1
RMS: 0.159
1
RMS: 0.442
1
RMS: 0.316
1
RMS: 0.738
1
RMS: 0.426
1
RMS: 0.704
1
RMS: 0.509
1
RMS: 0.176
1
RMS: 0.655
1
RMS: 0.843
1
RMS: 0.761
1
RMS: 0.122
1
RMS: 0.507
1
RMS: 0.555
1
RMS: 0.245
1
RMS: 0.633
1
RMS: 0.295
1
RMS: 0.212
1
RMS: 0.922
1
RMS: 0.267
1
RMS: 0.545
1
RMS: 0.671
1
RMS: 0.637
1
RMS: 0.338
1
RMS: 0.310
1
RMS: 0.426
1
RMS: 0.257
1
RMS: 0.318
1
RMS: 0.572
1
RMS: 0.725
1
RMS: 0.198
1
RMS: 0.329
1
RMS: 0.578
1
RMS: 0.914
1
RMS: 0.510
1
RMS: 0.826
1
RMS: 0.237
1
RMS: 0.925
1
RMS: 0.603
1
RMS: 0.729
1
RMS: 0.128
1
RMS: 0.866
1
RMS: 0.827
1
RMS: 0.430
1
RMS: 1.146
1
RMS: 0.428
1
RMS: 0.438
1
RMS: 0.499
1
RMS: 0.720
1
RMS: 0.432
1
RMS: 0.903
1
RMS: 0.700
1
RMS: 0.321
1
RMS: 0.802
1
RMS: 0.201
1
RMS: 0.384
1
RMS: 0.365
1
RMS: 0.150
1
RMS: 0.341
1
RMS: 0.273
1
RMS: 0.646
1
RMS: 0.897
1
RMS: 0.768
1
RMS: 0.282
1
RMS: 0.338
1
RMS: 0.698
1
RMS: 0.343
1
RMS: 0.686
1
RMS: 0.751
1
RMS: 0.368
1
RMS: 0.907
1
RMS: 0.844
1
RMS: 0.172
1
RMS: 0.535
1
RMS: 0.180
1
RMS: 0.336
1
RMS: 0.287
1
RMS: 0.501
1
RMS: 0.512
1
RMS: 0.279
1
RMS: 0.234
1
RMS: 0.223
1
RMS: 0.500
1
RMS: 0.410
1
RMS: 0.305
1
RMS: 0.766
1
RMS: 0.725
1
RMS: 0.147
1
RMS: 0.600
1
RMS: 0.119
1
RMS: 0.232
1
RMS: 0.449
1
RMS: 0.224
1
RMS: 0.302
1
RMS: 0.488
1
RMS: 0.687
1
RMS: 0.768
1
RMS: 0.443
1
RMS: 0.336
1
RMS: 0.407
1
RMS: 0.444
1
RMS: 0.684
1
RMS: 0.897
1
RMS: 0.641
1
RMS: 0.289
1
RMS: 0.435
1
RMS: 0.140
1
RMS: 0.449
1
RMS: 0.209
1
RMS: 0.339
1
RMS: 0.462
1
RMS: 0.690
1
RMS: 0.456
1
RMS: 0.609
1
RMS: 0.580
1
RMS: 0.850
1
RMS: 0.498
1
RMS: 0.656
1
RMS: 0.261
1
RMS: 0.275
1
RMS: 0.775
1
RMS: 0.684
1
RMS: 0.864
1
RMS: 0.689
1
RMS: 0.770
1
RMS: 0.585
1
RMS: 0.949
1
RMS: 0.501
1
RMS: 0.774
1
RMS: 0.767
1
RMS: 0.489
1

