Ligand Mode ON
Loaded 200 structures
Using complex_70w.pdb as reference
Read 2 chains from reference file: AB
Symmetry option on. Checking chain lengths: WARNING!! Chains have different lengths! (B:5 != A:337)
You main run into problems later on...
OK!
Generating ZONE definitions..
Symmetry option was turned on, but chains are not identical: Turning symmetry off
Defined 1 zone(s)
ZONE CLEAR \n ZONE A* \n FIT \nRZONE B*\n
RMS: 0.000
1
RMS: 1.063
1
RMS: 1.072
1
RMS: 0.559
1
RMS: 0.494
1
RMS: 0.525
1
RMS: 0.714
1
RMS: 0.910
1
RMS: 0.502
1
RMS: 0.903
1
RMS: 1.139
1
RMS: 0.935
1
RMS: 1.148
1
RMS: 1.009
1
RMS: 0.779
1
RMS: 0.710
1
RMS: 1.332
1
RMS: 0.657
1
RMS: 0.948
1
RMS: 1.156
1
RMS: 1.259
1
RMS: 0.784
1
RMS: 0.574
1
RMS: 0.958
1
RMS: 0.940
1
RMS: 0.719
1
RMS: 0.510
1
RMS: 0.972
1
RMS: 0.558
1
RMS: 0.988
1
RMS: 0.705
1
RMS: 1.278
1
RMS: 0.631
1
RMS: 0.661
1
RMS: 0.924
1
RMS: 0.975
1
RMS: 1.056
1
RMS: 0.596
1
RMS: 1.125
1
RMS: 1.020
1
RMS: 0.660
1
RMS: 0.679
1
RMS: 0.819
1
RMS: 1.299
1
RMS: 0.848
1
RMS: 1.071
1
RMS: 0.959
1
RMS: 1.470
1
RMS: 0.761
1
RMS: 0.869
1
RMS: 0.986
1
RMS: 0.967
1
RMS: 1.252
1
RMS: 1.009
1
RMS: 0.974
1
RMS: 0.676
1
RMS: 0.960
1
RMS: 0.904
1
RMS: 0.725
1
RMS: 0.801
1
RMS: 0.730
1
RMS: 1.194
1
RMS: 1.082
1
RMS: 1.581
1
RMS: 0.595
1
RMS: 0.473
1
RMS: 1.097
1
RMS: 1.000
1
RMS: 0.939
1
RMS: 0.504
1
RMS: 0.661
1
RMS: 0.678
1
RMS: 1.114
1
RMS: 1.132
1
RMS: 1.139
1
RMS: 0.991
1
RMS: 0.963
1
RMS: 1.171
1
RMS: 1.409
1
RMS: 1.268
1
RMS: 0.836
1
RMS: 0.527
1
RMS: 0.778
1
RMS: 0.657
1
RMS: 1.075
1
RMS: 0.954
1
RMS: 0.907
1
RMS: 1.140
1
RMS: 0.543
1
RMS: 0.871
1
RMS: 1.211
1
RMS: 1.152
1
RMS: 0.520
1
RMS: 0.782
1
RMS: 0.737
1
RMS: 1.045
1
RMS: 0.783
1
RMS: 1.097
1
RMS: 1.326
1
RMS: 0.920
1
RMS: 0.855
1
RMS: 1.112
1
RMS: 1.439
1
RMS: 0.846
1
RMS: 1.061
1
RMS: 0.736
1
RMS: 1.539
1
RMS: 1.122
1
RMS: 0.796
1
RMS: 0.655
1
RMS: 1.014
1
RMS: 1.115
1
RMS: 0.848
1
RMS: 1.278
1
RMS: 0.574
1
RMS: 0.696
1
RMS: 0.898
1
RMS: 1.415
1
RMS: 0.670
1
RMS: 0.943
1
RMS: 1.086
1
RMS: 0.726
1
RMS: 0.964
1
RMS: 0.613
1
RMS: 0.747
1
RMS: 0.889
1
RMS: 0.672
1
RMS: 1.004
1
RMS: 0.582
1
RMS: 1.323
1
RMS: 1.105
1
RMS: 1.046
1
RMS: 0.727
1
RMS: 0.825
1
RMS: 1.337
1
RMS: 1.053
1
RMS: 0.704
1
RMS: 1.089
1
RMS: 0.683
1
RMS: 1.198
1
RMS: 0.972
1
RMS: 0.608
1
RMS: 0.961
1
RMS: 1.122
1
RMS: 0.468
1
RMS: 0.792
1
RMS: 0.957
1
RMS: 0.603
1
RMS: 0.775
1
RMS: 0.733
1
RMS: 0.771
1
RMS: 0.897
1
RMS: 0.733
1
RMS: 0.911
1
RMS: 1.151
1
RMS: 1.108
1
RMS: 0.742
1
RMS: 0.792
1
RMS: 0.446
1
RMS: 0.563
1
RMS: 0.851
1
RMS: 0.844
1
RMS: 0.566
1
RMS: 0.993
1
RMS: 0.763
1
RMS: 1.469
1
RMS: 0.879
1
RMS: 0.742
1
RMS: 1.066
1
RMS: 0.883
1
RMS: 0.942
1
RMS: 1.307
1
RMS: 0.867
1
RMS: 0.764
1
RMS: 0.479
1
RMS: 0.581
1
RMS: 0.892
1
RMS: 0.805
1
RMS: 0.666
1
RMS: 0.620
1
RMS: 1.333
1
RMS: 0.871
1
RMS: 0.777
1
RMS: 1.220
1
RMS: 0.845
1
RMS: 0.661
1
RMS: 0.727
1
RMS: 1.239
1
RMS: 0.538
1
RMS: 1.089
1
RMS: 0.965
1
RMS: 1.061
1
RMS: 0.977
1
RMS: 1.159
1
RMS: 0.807
1
RMS: 0.821
1
RMS: 0.707
1
RMS: 0.951
1
RMS: 0.944
1
RMS: 0.599
1

