Interface Mode ON
Loaded 200 structures
Using complex_7w.pdb as reference
Read 2 chains from contacts file: AB
Symmetry option on. Checking chain lengths: WARNING!! Chains have different lengths! (B:9 != A:337)
You main run into problems later on...
OK!
Generating ZONE definitions..
Symmetry option was turned on, but chains are not identical: Turning symmetry off
Defined 1 zone(s)
ZONE CLEAR \n ZONE A485-A485:A485-A485 ZONE A486-A486:A486-A486 ZONE A487-A487:A487-A487 ZONE A488-A488:A488-A488 ZONE A489-A489:A489-A489 ZONE A502-A502:A502-A502 ZONE A503-A503:A503-A503 ZONE A504-A504:A504-A504 ZONE A527-A527:A527-A527 ZONE A530-A530:A530-A530 ZONE A531-A531:A531-A531 ZONE A532-A532:A532-A532 ZONE A533-A533:A533-A533 ZONE A534-A534:A534-A534 ZONE A535-A535:A535-A535 ZONE A536-A536:A536-A536 ZONE A537-A537:A537-A537 ZONE A548-A548:A548-A548 ZONE A549-A549:A549-A549 ZONE A550-A550:A550-A550 ZONE A551-A551:A551-A551 ZONE A552-A552:A552-A552 ZONE A574-A574:A574-A574 ZONE A575-A575:A575-A575 ZONE A576-A576:A576-A576 ZONE A577-A577:A577-A577 ZONE A578-A578:A578-A578 ZONE A579-A579:A579-A579 ZONE A580-A580:A580-A580 ZONE A591-A591:A591-A591 ZONE A592-A592:A592-A592 ZONE A593-A593:A593-A593 ZONE A594-A594:A594-A594 ZONE A595-A595:A595-A595 ZONE A598-A598:A598-A598 ZONE A616-A616:A616-A616 ZONE A617-A617:A617-A617 ZONE A618-A618:A618-A618 ZONE A619-A619:A619-A619 ZONE A620-A620:A620-A620 ZONE A621-A621:A621-A621 ZONE A622-A622:A622-A622 ZONE A633-A633:A633-A633 ZONE A634-A634:A634-A634 ZONE A635-A635:A635-A635 ZONE A636-A636:A636-A636 ZONE A637-A637:A637-A637 ZONE A638-A638:A638-A638 ZONE A659-A659:A659-A659 ZONE A660-A660:A660-A660 ZONE A661-A661:A661-A661 ZONE A662-A662:A662-A662 ZONE A663-A663:A663-A663 ZONE A675-A675:A675-A675 ZONE A676-A676:A676-A676 ZONE A677-A677:A677-A677 ZONE A699-A699:A699-A699 ZONE A700-A700:A700-A700 ZONE A701-A701:A701-A701 ZONE A702-A702:A702-A702 ZONE A703-A703:A703-A703 ZONE A704-A704:A704-A704 ZONE A716-A716:A716-A716 ZONE A717-A717:A717-A717 ZONE A718-A718:A718-A718 ZONE A719-A719:A719-A719 ZONE A720-A720:A720-A720 ZONE A740-A740:A740-A740 ZONE A741-A741:A741-A741 ZONE A742-A742:A742-A742 ZONE A743-A743:A743-A743 ZONE A744-A744:A744-A744 ZONE A757-A757:A757-A757 ZONE A758-A758:A758-A758 ZONE A759-A759:A759-A759 ZONE A760-A760:A760-A760 ZONE A761-A761:A761-A761\n ZONE B1-B1:B1-B1 ZONE B2-B2:B2-B2 ZONE B3-B3:B3-B3 ZONE B4-B4:B4-B4 ZONE B5-B5:B5-B5 ZONE B6-B6:B6-B6 ZONE B7-B7:B7-B7 ZONE B8-B8:B8-B8 ZONE B9-B9:B9-B9\n FIT
RMS: 0.000
1
RMS: 0.395
1
RMS: 0.319
1
RMS: 0.209
1
RMS: 0.967
1
RMS: 1.019
1
RMS: 0.355
1
RMS: 1.209
1
RMS: 0.722
1
RMS: 0.304
1
RMS: 1.038
1
RMS: 0.166
1
RMS: 0.432
1
RMS: 1.480
1
RMS: 1.505
1
RMS: 0.360
1
RMS: 0.816
1
RMS: 0.482
1
RMS: 0.198
1
RMS: 0.445
1
RMS: 1.369
1
RMS: 0.297
1
RMS: 0.954
1
RMS: 1.386
1
RMS: 1.341
1
RMS: 0.324
1
RMS: 0.433
1
RMS: 1.179
1
RMS: 1.294
1
RMS: 1.696
1
RMS: 0.900
1
RMS: 1.381
1
RMS: 0.370
1
RMS: 0.356
1
RMS: 1.264
1
RMS: 1.562
1
RMS: 1.486
1
RMS: 1.200
1
RMS: 0.495
1
RMS: 0.854
1
RMS: 0.520
1
RMS: 0.827
1
RMS: 0.209
1
RMS: 0.354
1
RMS: 0.865
1
RMS: 0.708
1
RMS: 0.593
1
RMS: 1.662
1
RMS: 1.556
1
RMS: 0.128
1
RMS: 1.091
1
RMS: 0.732
1
RMS: 0.654
1
RMS: 1.445
1
RMS: 0.450
1
RMS: 1.282
1
RMS: 1.718
1
RMS: 1.304
1
RMS: 1.282
1
RMS: 0.446
1
RMS: 0.417
1
RMS: 1.229
1
RMS: 0.860
1
RMS: 0.280
1
RMS: 1.204
1
RMS: 1.321
1
RMS: 0.627
1
RMS: 1.245
1
RMS: 0.197
1
RMS: 1.196
1
RMS: 1.430
1
RMS: 1.239
1
RMS: 0.735
1
RMS: 0.171
1
RMS: 1.345
1
RMS: 1.365
1
RMS: 0.588
1
RMS: 1.505
1
RMS: 1.475
1
RMS: 1.374
1
RMS: 0.345
1
RMS: 0.258
1
RMS: 0.358
1
RMS: 0.191
1
RMS: 0.327
1
RMS: 1.039
1
RMS: 1.300
1
RMS: 1.364
1
RMS: 1.474
1
RMS: 1.718
1
RMS: 0.347
1
RMS: 0.233
1
RMS: 1.507
1
RMS: 1.140
1
RMS: 0.302
1
RMS: 0.557
1
RMS: 0.500
1
RMS: 0.734
1
RMS: 1.508
1
RMS: 1.662
1
RMS: 0.340
1
RMS: 0.770
1
RMS: 1.516
1
RMS: 1.141
1
RMS: 1.370
1
RMS: 0.244
1
RMS: 1.515
1
RMS: 1.845
1
RMS: 1.128
1
RMS: 0.466
1
RMS: 0.157
1
RMS: 0.277
1
RMS: 0.965
1
RMS: 1.222
1
RMS: 0.329
1
RMS: 0.286
1
RMS: 0.364
1
RMS: 0.251
1
RMS: 1.468
1
RMS: 0.440
1
RMS: 0.622
1
RMS: 1.424
1
RMS: 1.507
1
RMS: 1.918
1
RMS: 0.876
1
RMS: 1.058
1
RMS: 1.748
1
RMS: 1.355
1
RMS: 1.287
1
RMS: 0.426
1
RMS: 1.387
1
RMS: 0.237
1
RMS: 1.253
1
RMS: 0.496
1
RMS: 0.265
1
RMS: 0.248
1
RMS: 1.470
1
RMS: 1.319
1
RMS: 0.522
1
RMS: 0.997
1
RMS: 0.162
1
RMS: 0.220
1
RMS: 0.238
1
RMS: 0.140
1
RMS: 1.350
1
RMS: 0.449
1
RMS: 1.351
1
RMS: 0.303
1
RMS: 0.143
1
RMS: 0.877
1
RMS: 1.189
1
RMS: 1.247
1
RMS: 1.723
1
RMS: 0.405
1
RMS: 1.234
1
RMS: 0.661
1
RMS: 1.010
1
RMS: 0.368
1
RMS: 0.512
1
RMS: 0.334
1
RMS: 0.728
1
RMS: 1.100
1
RMS: 0.160
1
RMS: 0.990
1
RMS: 0.570
1
RMS: 1.289
1
RMS: 0.427
1
RMS: 1.223
1
RMS: 1.238
1
RMS: 0.269
1
RMS: 1.234
1
RMS: 0.316
1
RMS: 1.595
1
RMS: 1.096
1
RMS: 1.433
1
RMS: 1.354
1
RMS: 0.248
1
RMS: 1.233
1
RMS: 1.409
1
RMS: 1.518
1
RMS: 1.399
1
RMS: 1.184
1
RMS: 1.507
1
RMS: 1.163
1
RMS: 1.129
1
RMS: 1.102
1
RMS: 0.894
1
RMS: 1.416
1
RMS: 1.559
1
RMS: 0.859
1
RMS: 1.221
1
RMS: 1.096
1
RMS: 1.718
1
RMS: 1.219
1
RMS: 1.058
1
RMS: 0.476
1
RMS: 1.440
1
RMS: 1.312
1
RMS: 1.232
1
RMS: 1.247
1

