d(H-D)=    3.87 +-  0.00 #hb=    1  atoms "A   -488 -CYS -CA  " and "B   -6   -TRP -CZ2 "
d(H-D)=    3.75 +-  0.09 #hb=   21  atoms "A   -488 -CYS -CB  " and "B   -6   -TRP -CZ2 "
d(H-D)=    3.86 +-  0.05 #hb=    4  atoms "A   -531 -ASN -CB  " and "B   -4   -ARG -CZ  "
d(H-D)=    3.85 +-  0.01 #hb=    2  atoms "A   -531 -ASN -CG  " and "B   -2   -MET -CE  "
d(H-D)=    3.84 +-  0.02 #hb=    2  atoms "A   -531 -ASN -CG  " and "B   -4   -ARG -CZ  "
d(H-D)=    3.73 +-  0.00 #hb=    1  atoms "A   -532 -TYR -CA  " and "B   -6   -TRP -CH2 "
d(H-D)=    3.78 +-  0.08 #hb=    5  atoms "A   -532 -TYR -CA  " and "B   -6   -TRP -CZ2 "
d(H-D)=    3.85 +-  0.05 #hb=    2  atoms "A   -532 -TYR -C   " and "B   -6   -TRP -CZ2 "
d(H-D)=    3.82 +-  0.07 #hb=    7  atoms "A   -532 -TYR -CD1 " and "B   -6   -TRP -CD1 "
d(H-D)=    3.80 +-  0.07 #hb=    2  atoms "A   -532 -TYR -CD1 " and "B   -6   -TRP -CZ2 "
d(H-D)=    3.73 +-  0.16 #hb=   28  atoms "A   -532 -TYR -CD2 " and "B   -6   -TRP -CD1 "
d(H-D)=    3.80 +-  0.06 #hb=    7  atoms "A   -532 -TYR -CD2 " and "B   -6   -TRP -CE2 "
d(H-D)=    3.72 +-  0.12 #hb=    7  atoms "A   -532 -TYR -CD2 " and "B   -6   -TRP -CZ2 "
d(H-D)=    3.79 +-  0.11 #hb=    3  atoms "A   -532 -TYR -CE1 " and "B   -4   -ARG -CB  "
d(H-D)=    3.74 +-  0.10 #hb=    6  atoms "A   -532 -TYR -CE1 " and "B   -4   -ARG -CD  "
d(H-D)=    3.66 +-  0.10 #hb=   11  atoms "A   -532 -TYR -CE1 " and "B   -4   -ARG -CG  "
d(H-D)=    3.72 +-  0.13 #hb=   16  atoms "A   -532 -TYR -CE1 " and "B   -4   -ARG -CZ  "
d(H-D)=    3.61 +-  0.16 #hb=   41  atoms "A   -532 -TYR -CE1 " and "B   -6   -TRP -CD1 "
d(H-D)=    3.87 +-  0.00 #hb=    1  atoms "A   -532 -TYR -CE1 " and "B   -6   -TRP -CZ2 "
d(H-D)=    3.82 +-  0.00 #hb=    1  atoms "A   -532 -TYR -CE2 " and "B   -4   -ARG -CB  "
d(H-D)=    3.70 +-  0.12 #hb=    6  atoms "A   -532 -TYR -CE2 " and "B   -4   -ARG -CD  "
d(H-D)=    3.69 +-  0.14 #hb=    8  atoms "A   -532 -TYR -CE2 " and "B   -4   -ARG -CG  "
d(H-D)=    3.83 +-  0.05 #hb=    7  atoms "A   -532 -TYR -CE2 " and "B   -4   -ARG -CZ  "
d(H-D)=    3.90 +-  0.00 #hb=    1  atoms "A   -532 -TYR -CE2 " and "B   -6   -TRP -C   "
d(H-D)=    3.60 +-  0.16 #hb=   83  atoms "A   -532 -TYR -CE2 " and "B   -6   -TRP -CD1 "
d(H-D)=    3.71 +-  0.00 #hb=    1  atoms "A   -532 -TYR -CE2 " and "B   -6   -TRP -CD2 "
d(H-D)=    3.82 +-  0.07 #hb=    8  atoms "A   -532 -TYR -CE2 " and "B   -6   -TRP -CE2 "
d(H-D)=    3.76 +-  0.11 #hb=    7  atoms "A   -532 -TYR -CE2 " and "B   -6   -TRP -CG  "
d(H-D)=    3.64 +-  0.00 #hb=    1  atoms "A   -532 -TYR -CE2 " and "B   -6   -TRP -CZ2 "
d(H-D)=    3.78 +-  0.12 #hb=    7  atoms "A   -532 -TYR -CZ  " and "B   -4   -ARG -CD  "
d(H-D)=    3.87 +-  0.04 #hb=    4  atoms "A   -532 -TYR -CZ  " and "B   -4   -ARG -CG  "
d(H-D)=    3.79 +-  0.06 #hb=   20  atoms "A   -532 -TYR -CZ  " and "B   -4   -ARG -CZ  "
d(H-D)=    3.68 +-  0.15 #hb=   35  atoms "A   -532 -TYR -CZ  " and "B   -6   -TRP -CD1 "
d(H-D)=    3.83 +-  0.07 #hb=    4  atoms "A   -534 -ARG -CD  " and "B   -3   -TRP -CZ3 "
d(H-D)=    3.73 +-  0.10 #hb=    7  atoms "A   -534 -ARG -CD  " and "B   -6   -TRP -CH2 "
d(H-D)=    3.79 +-  0.06 #hb=    3  atoms "A   -534 -ARG -CD  " and "B   -6   -TRP -CZ2 "
d(H-D)=    3.69 +-  0.13 #hb=   70  atoms "A   -534 -ARG -CZ  " and "B   -3   -TRP -CZ3 "
d(H-D)=    3.78 +-  0.07 #hb=    5  atoms "A   -534 -ARG -CZ  " and "B   -6   -TRP -CH2 "
d(H-D)=    3.88 +-  0.00 #hb=    1  atoms "A   -534 -ARG -CZ  " and "B   -6   -TRP -CZ2 "
d(H-D)=    3.79 +-  0.09 #hb=    3  atoms "A   -550 -GLU -C   " and "B   -2   -MET -CE  "
d(H-D)=    3.75 +-  0.09 #hb=   71  atoms "A   -550 -GLU -CB  " and "B   -2   -MET -CE  "
d(H-D)=    3.82 +-  0.06 #hb=    3  atoms "A   -550 -GLU -CB  " and "B   -2   -MET -CG  "
d(H-D)=    3.82 +-  0.00 #hb=    1  atoms "A   -550 -GLU -CD  " and "B   -2   -MET -CB  "
d(H-D)=    3.80 +-  0.00 #hb=    1  atoms "A   -550 -GLU -CD  " and "B   -2   -MET -CE  "
d(H-D)=    3.78 +-  0.15 #hb=    7  atoms "A   -550 -GLU -CD  " and "B   -2   -MET -CG  "
d(H-D)=    3.88 +-  0.00 #hb=    1  atoms "A   -550 -GLU -CD  " and "B   -4   -ARG -CD  "
d(H-D)=    3.87 +-  0.02 #hb=    3  atoms "A   -550 -GLU -CD  " and "B   -4   -ARG -CZ  "
d(H-D)=    3.77 +-  0.10 #hb=   11  atoms "A   -550 -GLU -CG  " and "B   -2   -MET -CE  "
d(H-D)=    3.81 +-  0.06 #hb=    2  atoms "A   -550 -GLU -CG  " and "B   -2   -MET -CG  "
d(H-D)=    3.76 +-  0.08 #hb=   14  atoms "A   -575 -PRO -C   " and "B   -2   -MET -CE  "
d(H-D)=    3.78 +-  0.09 #hb=   21  atoms "A   -575 -PRO -CB  " and "B   -2   -MET -CE  "
d(H-D)=    3.80 +-  0.00 #hb=    1  atoms "A   -576 -ALA -CA  " and "B   -2   -MET -CB  "
d(H-D)=    3.72 +-  0.10 #hb=   43  atoms "A   -576 -ALA -CA  " and "B   -2   -MET -CE  "
d(H-D)=    3.77 +-  0.09 #hb=   21  atoms "A   -576 -ALA -CA  " and "B   -2   -MET -CG  "
d(H-D)=    3.74 +-  0.08 #hb=   20  atoms "A   -576 -ALA -CB  " and "B   -2   -MET -CB  "
d(H-D)=    3.81 +-  0.06 #hb=   21  atoms "A   -576 -ALA -CB  " and "B   -2   -MET -CE  "
d(H-D)=    3.74 +-  0.11 #hb=   54  atoms "A   -576 -ALA -CB  " and "B   -2   -MET -CG  "
d(H-D)=    3.83 +-  0.05 #hb=    4  atoms "A   -578 -TYR -CB  " and "B   -3   -TRP -CE3 "
d(H-D)=    3.78 +-  0.03 #hb=    3  atoms "A   -578 -TYR -CB  " and "B   -3   -TRP -CZ3 "
d(H-D)=    3.85 +-  0.00 #hb=    1  atoms "A   -578 -TYR -CD1 " and "B   -2   -MET -CE  "
d(H-D)=    3.86 +-  0.01 #hb=    2  atoms "A   -578 -TYR -CD1 " and "B   -3   -TRP -CB  "
d(H-D)=    3.75 +-  0.13 #hb=   18  atoms "A   -578 -TYR -CD1 " and "B   -3   -TRP -CE3 "
d(H-D)=    3.87 +-  0.00 #hb=    1  atoms "A   -578 -TYR -CD2 " and "B   -2   -MET -CE  "
d(H-D)=    3.83 +-  0.00 #hb=    1  atoms "A   -578 -TYR -CD2 " and "B   -3   -TRP -CB  "
d(H-D)=    3.87 +-  0.02 #hb=    2  atoms "A   -578 -TYR -CD2 " and "B   -3   -TRP -CD2 "
d(H-D)=    3.70 +-  0.12 #hb=   50  atoms "A   -578 -TYR -CD2 " and "B   -3   -TRP -CE3 "
d(H-D)=    3.83 +-  0.04 #hb=    4  atoms "A   -578 -TYR -CD2 " and "B   -3   -TRP -CZ3 "
d(H-D)=    3.86 +-  0.00 #hb=    1  atoms "A   -578 -TYR -CE1 " and "B   -2   -MET -C   "
d(H-D)=    3.85 +-  0.01 #hb=    5  atoms "A   -578 -TYR -CE1 " and "B   -2   -MET -CB  "
d(H-D)=    3.70 +-  0.12 #hb=    8  atoms "A   -578 -TYR -CE1 " and "B   -2   -MET -CG  "
d(H-D)=    3.71 +-  0.12 #hb=   45  atoms "A   -578 -TYR -CE1 " and "B   -3   -TRP -CB  "
d(H-D)=    3.70 +-  0.13 #hb=    3  atoms "A   -578 -TYR -CE2 " and "B   -2   -MET -CG  "
d(H-D)=    3.78 +-  0.08 #hb=   23  atoms "A   -578 -TYR -CE2 " and "B   -3   -TRP -CB  "
d(H-D)=    3.73 +-  0.04 #hb=    2  atoms "A   -578 -TYR -CE2 " and "B   -3   -TRP -CE3 "
d(H-D)=    3.82 +-  0.08 #hb=   12  atoms "A   -578 -TYR -CG  " and "B   -3   -TRP -CE3 "
d(H-D)=    3.87 +-  0.01 #hb=    2  atoms "A   -578 -TYR -CZ  " and "B   -3   -TRP -CB  "
d(H-D)=    3.70 +-  0.10 #hb=  167  atoms "A   -620 -SER -CB  " and "B   -3   -TRP -CH2 "
d(H-D)=    3.81 +-  0.06 #hb=    8  atoms "A   -620 -SER -CB  " and "B   -3   -TRP -CZ2 "
d(H-D)=    3.81 +-  0.07 #hb=   65  atoms "A   -620 -SER -CB  " and "B   -3   -TRP -CZ3 "
d(H-D)=    3.70 +-  0.10 #hb=  152  atoms "A   -636 -LEU -CD1 " and "B   -3   -TRP -CD1 "
d(H-D)=    3.82 +-  0.05 #hb=   41  atoms "A   -636 -LEU -CD1 " and "B   -3   -TRP -CD2 "
d(H-D)=    3.83 +-  0.06 #hb=   42  atoms "A   -636 -LEU -CD1 " and "B   -3   -TRP -CE2 "
d(H-D)=    3.83 +-  0.05 #hb=   99  atoms "A   -636 -LEU -CD1 " and "B   -3   -TRP -CG  "
d(H-D)=    3.87 +-  0.00 #hb=    1  atoms "A   -636 -LEU -CD1 " and "B   -3   -TRP -CZ2 "
d(H-D)=    3.73 +-  0.03 #hb=    3  atoms "A   -636 -LEU -CD2 " and "B   -3   -TRP -CD1 "
d(H-D)=    3.79 +-  0.07 #hb=  108  atoms "A   -636 -LEU -CD2 " and "B   -3   -TRP -CE2 "
d(H-D)=    3.80 +-  0.02 #hb=    2  atoms "A   -636 -LEU -CD2 " and "B   -3   -TRP -CH2 "
d(H-D)=    3.76 +-  0.09 #hb=   98  atoms "A   -636 -LEU -CD2 " and "B   -3   -TRP -CZ2 "
d(H-D)=    3.67 +-  0.00 #hb=    1  atoms "A   -661 -PHE -CD1 " and "B   -3   -TRP -CH2 "
d(H-D)=    3.75 +-  0.11 #hb=   40  atoms "A   -661 -PHE -CD1 " and "B   -3   -TRP -CZ2 "
d(H-D)=    3.89 +-  0.00 #hb=    1  atoms "A   -661 -PHE -CD1 " and "B   -5   -PRO -CB  "
d(H-D)=    3.77 +-  0.00 #hb=    1  atoms "A   -661 -PHE -CD1 " and "B   -6   -TRP -CH2 "
d(H-D)=    3.64 +-  0.17 #hb=    2  atoms "A   -661 -PHE -CD1 " and "B   -6   -TRP -CZ3 "
d(H-D)=    3.78 +-  0.08 #hb=   18  atoms "A   -661 -PHE -CD2 " and "B   -3   -TRP -CZ2 "
d(H-D)=    3.85 +-  0.05 #hb=    2  atoms "A   -661 -PHE -CE1 " and "B   -3   -TRP -CH2 "
d(H-D)=    3.74 +-  0.09 #hb=  110  atoms "A   -661 -PHE -CE1 " and "B   -3   -TRP -CZ2 "
d(H-D)=    3.82 +-  0.03 #hb=    2  atoms "A   -661 -PHE -CE1 " and "B   -5   -PRO -CA  "
d(H-D)=    3.66 +-  0.13 #hb=   98  atoms "A   -661 -PHE -CE1 " and "B   -5   -PRO -CB  "
d(H-D)=    3.77 +-  0.09 #hb=   36  atoms "A   -661 -PHE -CE1 " and "B   -5   -PRO -CG  "
d(H-D)=    3.75 +-  0.00 #hb=    1  atoms "A   -661 -PHE -CE1 " and "B   -6   -TRP -CZ3 "
d(H-D)=    3.72 +-  0.11 #hb=   77  atoms "A   -661 -PHE -CE2 " and "B   -3   -TRP -CZ2 "
d(H-D)=    3.89 +-  0.00 #hb=    1  atoms "A   -661 -PHE -CE2 " and "B   -5   -PRO -CA  "
d(H-D)=    3.67 +-  0.12 #hb=   31  atoms "A   -661 -PHE -CE2 " and "B   -5   -PRO -CB  "
d(H-D)=    3.74 +-  0.07 #hb=    7  atoms "A   -661 -PHE -CE2 " and "B   -5   -PRO -CG  "
d(H-D)=    3.83 +-  0.00 #hb=    1  atoms "A   -661 -PHE -CG  " and "B   -6   -TRP -CH2 "
d(H-D)=    3.89 +-  0.00 #hb=    1  atoms "A   -661 -PHE -CZ  " and "B   -3   -TRP -CH2 "
d(H-D)=    3.69 +-  0.11 #hb=   93  atoms "A   -661 -PHE -CZ  " and "B   -3   -TRP -CZ2 "
d(H-D)=    3.75 +-  0.09 #hb=    7  atoms "A   -661 -PHE -CZ  " and "B   -5   -PRO -CB  "
d(H-D)=    3.82 +-  0.00 #hb=    1  atoms "A   -661 -PHE -CZ  " and "B   -5   -PRO -CG  "
d(H-D)=    3.88 +-  0.00 #hb=    2  atoms "A   -702 -LEU -CA  " and "B   -6   -TRP -CZ3 "
d(H-D)=    3.81 +-  0.04 #hb=   23  atoms "A   -702 -LEU -CB  " and "B   -6   -TRP -CE3 "
d(H-D)=    3.80 +-  0.07 #hb=   26  atoms "A   -702 -LEU -CB  " and "B   -6   -TRP -CZ3 "
d(H-D)=    3.84 +-  0.06 #hb=    8  atoms "A   -702 -LEU -CD1 " and "B   -6   -TRP -CB  "
d(H-D)=    3.76 +-  0.08 #hb=   69  atoms "A   -702 -LEU -CD1 " and "B   -6   -TRP -CE3 "
d(H-D)=    3.82 +-  0.05 #hb=   16  atoms "A   -702 -LEU -CD2 " and "B   -5   -PRO -CB  "
d(H-D)=    3.86 +-  0.00 #hb=    2  atoms "A   -702 -LEU -CD2 " and "B   -5   -PRO -CG  "
d(H-D)=    3.79 +-  0.00 #hb=    1  atoms "A   -702 -LEU -CD2 " and "B   -6   -TRP -CD2 "
d(H-D)=    3.73 +-  0.11 #hb=   89  atoms "A   -702 -LEU -CD2 " and "B   -6   -TRP -CE3 "
d(H-D)=    3.86 +-  0.02 #hb=    4  atoms "A   -702 -LEU -CG  " and "B   -6   -TRP -CE3 "
d(H-D)=    3.72 +-  0.00 #hb=    1  atoms "A   -718 -LYS -CE  " and "B   -6   -TRP -CA  "
d(H-D)=    3.75 +-  0.01 #hb=    2  atoms "A   -743 -LEU -CB  " and "B   -6   -TRP -CD2 "
d(H-D)=    3.82 +-  0.03 #hb=    2  atoms "A   -743 -LEU -CB  " and "B   -6   -TRP -CE2 "
d(H-D)=    3.71 +-  0.07 #hb=    2  atoms "A   -743 -LEU -CB  " and "B   -6   -TRP -CE3 "
d(H-D)=    3.82 +-  0.00 #hb=    1  atoms "A   -743 -LEU -CB  " and "B   -6   -TRP -CZ3 "
d(H-D)=    3.64 +-  0.19 #hb=   15  atoms "A   -743 -LEU -CD1 " and "B   -6   -TRP -CB  "
d(H-D)=    3.79 +-  0.07 #hb=    5  atoms "A   -743 -LEU -CD1 " and "B   -6   -TRP -CD2 "
d(H-D)=    3.81 +-  0.00 #hb=    1  atoms "A   -743 -LEU -CD1 " and "B   -6   -TRP -CE3 "
d(H-D)=    3.62 +-  0.14 #hb=    9  atoms "A   -743 -LEU -CD1 " and "B   -6   -TRP -CG  "
d(H-D)=    3.83 +-  0.05 #hb=   17  atoms "A   -743 -LEU -CD2 " and "B   -6   -TRP -CB  "
d(H-D)=    3.67 +-  0.12 #hb=  125  atoms "A   -743 -LEU -CD2 " and "B   -6   -TRP -CD1 "
d(H-D)=    3.71 +-  0.10 #hb=   96  atoms "A   -743 -LEU -CD2 " and "B   -6   -TRP -CD2 "
d(H-D)=    3.77 +-  0.08 #hb=   56  atoms "A   -743 -LEU -CD2 " and "B   -6   -TRP -CE2 "
d(H-D)=    3.74 +-  0.09 #hb=   30  atoms "A   -743 -LEU -CD2 " and "B   -6   -TRP -CE3 "
d(H-D)=    3.73 +-  0.08 #hb=  146  atoms "A   -743 -LEU -CD2 " and "B   -6   -TRP -CG  "
d(H-D)=    3.83 +-  0.05 #hb=   33  atoms "A   -743 -LEU -CG  " and "B   -6   -TRP -CB  "
d(H-D)=    3.74 +-  0.15 #hb=   19  atoms "A   -743 -LEU -CG  " and "B   -6   -TRP -CD1 "
d(H-D)=    3.72 +-  0.12 #hb=   84  atoms "A   -743 -LEU -CG  " and "B   -6   -TRP -CD2 "
d(H-D)=    3.81 +-  0.05 #hb=   11  atoms "A   -743 -LEU -CG  " and "B   -6   -TRP -CE2 "
d(H-D)=    3.76 +-  0.10 #hb=   38  atoms "A   -743 -LEU -CG  " and "B   -6   -TRP -CE3 "
d(H-D)=    3.73 +-  0.11 #hb=   90  atoms "A   -743 -LEU -CG  " and "B   -6   -TRP -CG  "
