d(H-D)=    3.59 +-  -nan #hb=  200  atoms "A   -488 -CYS -CA  " and "B   -6   -TYR -CD1 "
d(H-D)=    3.16 +-  0.00 #hb=  200  atoms "A   -488 -CYS -CA  " and "B   -6   -TYR -CE1 "
d(H-D)=    3.55 +-  0.00 #hb=  200  atoms "A   -488 -CYS -CA  " and "B   -6   -TYR -CZ  "
d(H-D)=    3.16 +-  -nan #hb=  200  atoms "A   -488 -CYS -C   " and "B   -6   -TYR -CE1 "
d(H-D)=    3.64 +-  0.00 #hb=  200  atoms "A   -488 -CYS -C   " and "B   -6   -TYR -CZ  "
d(H-D)=    3.67 +-  -nan #hb=  200  atoms "A   -488 -CYS -CB  " and "B   -6   -TYR -CD1 "
d(H-D)=    3.63 +-  -nan #hb=  200  atoms "A   -488 -CYS -CB  " and "B   -6   -TYR -CD2 "
d(H-D)=    3.10 +-  -nan #hb=  200  atoms "A   -488 -CYS -CB  " and "B   -6   -TYR -CE1 "
d(H-D)=    3.19 +-  0.00 #hb=  200  atoms "A   -488 -CYS -CB  " and "B   -6   -TYR -CE2 "
d(H-D)=    2.89 +-  0.00 #hb=  200  atoms "A   -488 -CYS -CB  " and "B   -6   -TYR -CZ  "
d(H-D)=    3.32 +-  -nan #hb=  200  atoms "A   -531 -ASN -CA  " and "B   -4   -ARG -CD  "
d(H-D)=    2.95 +-  -nan #hb=  200  atoms "A   -531 -ASN -CA  " and "B   -4   -ARG -CZ  "
d(H-D)=    2.98 +-  -nan #hb=  200  atoms "A   -531 -ASN -C   " and "B   -4   -ARG -CD  "
d(H-D)=    3.47 +-  -nan #hb=  200  atoms "A   -531 -ASN -C   " and "B   -4   -ARG -CG  "
d(H-D)=    2.77 +-  0.00 #hb=  200  atoms "A   -531 -ASN -C   " and "B   -4   -ARG -CZ  "
d(H-D)=    3.67 +-  -nan #hb=  200  atoms "A   -531 -ASN -CB  " and "B   -2   -MET -C   "
d(H-D)=    3.75 +-  0.00 #hb=  200  atoms "A   -531 -ASN -CB  " and "B   -2   -MET -CA  "
d(H-D)=    3.33 +-  -nan #hb=  200  atoms "A   -531 -ASN -CB  " and "B   -3   -TRP -C   "
d(H-D)=    3.79 +-  -nan #hb=  200  atoms "A   -531 -ASN -CB  " and "B   -3   -TRP -CA  "
d(H-D)=    2.92 +-  0.00 #hb=  200  atoms "A   -531 -ASN -CB  " and "B   -4   -ARG -CD  "
d(H-D)=    2.91 +-  -nan #hb=  200  atoms "A   -531 -ASN -CB  " and "B   -4   -ARG -CZ  "
d(H-D)=    2.89 +-  0.00 #hb=  200  atoms "A   -531 -ASN -CG  " and "B   -3   -TRP -C   "
d(H-D)=    3.61 +-  0.00 #hb=  200  atoms "A   -531 -ASN -CG  " and "B   -3   -TRP -CA  "
d(H-D)=    3.70 +-  0.00 #hb=  200  atoms "A   -531 -ASN -CG  " and "B   -4   -ARG -CA  "
d(H-D)=    2.71 +-  -nan #hb=  200  atoms "A   -531 -ASN -CG  " and "B   -4   -ARG -CD  "
d(H-D)=    3.10 +-  0.00 #hb=  200  atoms "A   -531 -ASN -CG  " and "B   -4   -ARG -CZ  "
d(H-D)=    3.17 +-  0.00 #hb=  200  atoms "A   -532 -TYR -CA  " and "B   -4   -ARG -CD  "
d(H-D)=    2.85 +-  -nan #hb=  200  atoms "A   -532 -TYR -CA  " and "B   -4   -ARG -CG  "
d(H-D)=    3.50 +-  0.00 #hb=  200  atoms "A   -532 -TYR -CA  " and "B   -4   -ARG -CZ  "
d(H-D)=    3.20 +-  -nan #hb=  200  atoms "A   -532 -TYR -CA  " and "B   -6   -TYR -CD2 "
d(H-D)=    2.63 +-  0.00 #hb=  200  atoms "A   -532 -TYR -CA  " and "B   -6   -TYR -CE2 "
d(H-D)=    3.62 +-  -nan #hb=  200  atoms "A   -532 -TYR -CA  " and "B   -6   -TYR -CZ  "
d(H-D)=    3.33 +-  0.00 #hb=  200  atoms "A   -532 -TYR -C   " and "B   -6   -TYR -CE2 "
d(H-D)=    3.90 +-  -nan #hb=  200  atoms "A   -532 -TYR -C   " and "B   -6   -TYR -CZ  "
d(H-D)=    3.42 +-  -nan #hb=  200  atoms "A   -532 -TYR -CB  " and "B   -4   -ARG -CD  "
d(H-D)=    3.41 +-  0.00 #hb=  200  atoms "A   -532 -TYR -CB  " and "B   -4   -ARG -CG  "
d(H-D)=    2.97 +-  0.00 #hb=  200  atoms "A   -532 -TYR -CB  " and "B   -4   -ARG -CZ  "
d(H-D)=    2.59 +-  -nan #hb=  200  atoms "A   -532 -TYR -CB  " and "B   -6   -TYR -CD2 "
d(H-D)=    2.78 +-  -nan #hb=  200  atoms "A   -532 -TYR -CB  " and "B   -6   -TYR -CE2 "
d(H-D)=    3.61 +-  0.00 #hb=  200  atoms "A   -532 -TYR -CB  " and "B   -6   -TYR -CG  "
d(H-D)=    3.82 +-  -nan #hb=  200  atoms "A   -532 -TYR -CB  " and "B   -6   -TYR -CZ  "
d(H-D)=    3.81 +-  -nan #hb=  200  atoms "A   -532 -TYR -CD1 " and "B   -4   -ARG -CD  "
d(H-D)=    2.65 +-  -nan #hb=  200  atoms "A   -532 -TYR -CD1 " and "B   -4   -ARG -CZ  "
d(H-D)=    3.68 +-  0.00 #hb=  200  atoms "A   -532 -TYR -CD1 " and "B   -6   -TYR -CB  "
d(H-D)=    3.67 +-  -nan #hb=  200  atoms "A   -532 -TYR -CD2 " and "B   -4   -ARG -C   "
d(H-D)=    3.31 +-  0.00 #hb=  200  atoms "A   -532 -TYR -CD2 " and "B   -4   -ARG -CA  "
d(H-D)=    3.39 +-  -nan #hb=  200  atoms "A   -532 -TYR -CD2 " and "B   -4   -ARG -CB  "
d(H-D)=    2.44 +-  0.00 #hb=  200  atoms "A   -532 -TYR -CD2 " and "B   -4   -ARG -CD  "
d(H-D)=    2.61 +-  0.00 #hb=  200  atoms "A   -532 -TYR -CD2 " and "B   -4   -ARG -CG  "
d(H-D)=    3.02 +-  -nan #hb=  200  atoms "A   -532 -TYR -CD2 " and "B   -4   -ARG -CZ  "
d(H-D)=    3.68 +-  0.00 #hb=  200  atoms "A   -532 -TYR -CD2 " and "B   -5   -PRO -CD  "
d(H-D)=    3.43 +-  -nan #hb=  200  atoms "A   -532 -TYR -CD2 " and "B   -6   -TYR -C   "
d(H-D)=    2.92 +-  0.00 #hb=  200  atoms "A   -532 -TYR -CD2 " and "B   -6   -TYR -CA  "
d(H-D)=    2.74 +-  -nan #hb=  200  atoms "A   -532 -TYR -CD2 " and "B   -6   -TYR -CB  "
d(H-D)=    2.51 +-  0.00 #hb=  200  atoms "A   -532 -TYR -CD2 " and "B   -6   -TYR -CD2 "
d(H-D)=    3.57 +-  0.00 #hb=  200  atoms "A   -532 -TYR -CD2 " and "B   -6   -TYR -CE2 "
d(H-D)=    2.95 +-  0.00 #hb=  200  atoms "A   -532 -TYR -CD2 " and "B   -6   -TYR -CG  "
d(H-D)=    3.15 +-  0.00 #hb=  200  atoms "A   -532 -TYR -CE1 " and "B   -4   -ARG -CZ  "
d(H-D)=    3.56 +-  0.00 #hb=  200  atoms "A   -532 -TYR -CE1 " and "B   -6   -TYR -C   "
d(H-D)=    3.22 +-  0.00 #hb=  200  atoms "A   -532 -TYR -CE2 " and "B   -4   -ARG -C   "
d(H-D)=    2.92 +-  0.00 #hb=  200  atoms "A   -532 -TYR -CE2 " and "B   -4   -ARG -CA  "
d(H-D)=    3.55 +-  -nan #hb=  200  atoms "A   -532 -TYR -CE2 " and "B   -4   -ARG -CB  "
d(H-D)=    2.83 +-  0.00 #hb=  200  atoms "A   -532 -TYR -CE2 " and "B   -4   -ARG -CD  "
d(H-D)=    3.24 +-  0.00 #hb=  200  atoms "A   -532 -TYR -CE2 " and "B   -4   -ARG -CG  "
d(H-D)=    3.55 +-  -nan #hb=  200  atoms "A   -532 -TYR -CE2 " and "B   -4   -ARG -CZ  "
d(H-D)=    3.79 +-  -nan #hb=  200  atoms "A   -532 -TYR -CE2 " and "B   -5   -PRO -C   "
d(H-D)=    2.65 +-  -nan #hb=  200  atoms "A   -532 -TYR -CE2 " and "B   -6   -TYR -C   "
d(H-D)=    2.71 +-  0.00 #hb=  200  atoms "A   -532 -TYR -CE2 " and "B   -6   -TYR -CA  "
d(H-D)=    3.22 +-  0.00 #hb=  200  atoms "A   -532 -TYR -CE2 " and "B   -6   -TYR -CB  "
d(H-D)=    3.69 +-  -nan #hb=  200  atoms "A   -532 -TYR -CE2 " and "B   -6   -TYR -CD2 "
d(H-D)=    3.86 +-  -nan #hb=  200  atoms "A   -532 -TYR -CE2 " and "B   -6   -TYR -CG  "
d(H-D)=    3.06 +-  -nan #hb=  200  atoms "A   -532 -TYR -CG  " and "B   -4   -ARG -CD  "
d(H-D)=    3.37 +-  0.00 #hb=  200  atoms "A   -532 -TYR -CG  " and "B   -4   -ARG -CG  "
d(H-D)=    2.61 +-  0.00 #hb=  200  atoms "A   -532 -TYR -CG  " and "B   -4   -ARG -CZ  "
d(H-D)=    3.79 +-  -nan #hb=  200  atoms "A   -532 -TYR -CG  " and "B   -6   -TYR -CA  "
d(H-D)=    3.06 +-  0.00 #hb=  200  atoms "A   -532 -TYR -CG  " and "B   -6   -TYR -CB  "
d(H-D)=    2.65 +-  -nan #hb=  200  atoms "A   -532 -TYR -CG  " and "B   -6   -TYR -CD2 "
d(H-D)=    3.59 +-  0.00 #hb=  200  atoms "A   -532 -TYR -CG  " and "B   -6   -TYR -CE2 "
d(H-D)=    3.19 +-  0.00 #hb=  200  atoms "A   -532 -TYR -CG  " and "B   -6   -TYR -CG  "
d(H-D)=    3.59 +-  0.00 #hb=  200  atoms "A   -532 -TYR -CZ  " and "B   -4   -ARG -CD  "
d(H-D)=    3.60 +-  0.00 #hb=  200  atoms "A   -532 -TYR -CZ  " and "B   -4   -ARG -CZ  "
d(H-D)=    2.77 +-  0.00 #hb=  200  atoms "A   -532 -TYR -CZ  " and "B   -6   -TYR -C   "
d(H-D)=    3.40 +-  0.00 #hb=  200  atoms "A   -532 -TYR -CZ  " and "B   -6   -TYR -CA  "
d(H-D)=    3.34 +-  0.00 #hb=  200  atoms "A   -534 -ARG -CZ  " and "B   -3   -TRP -CE3 "
d(H-D)=    3.87 +-  -nan #hb=  200  atoms "A   -534 -ARG -CZ  " and "B   -3   -TRP -CH2 "
d(H-D)=    3.05 +-  0.00 #hb=  200  atoms "A   -534 -ARG -CZ  " and "B   -3   -TRP -CZ3 "
d(H-D)=    3.46 +-  -nan #hb=  200  atoms "A   -534 -ARG -CZ  " and "B   -5   -PRO -CD  "
d(H-D)=    3.33 +-  -nan #hb=  200  atoms "A   -534 -ARG -CZ  " and "B   -5   -PRO -CG  "
d(H-D)=    3.36 +-  -nan #hb=  200  atoms "A   -534 -ARG -CZ  " and "B   -6   -TYR -CE2 "
d(H-D)=    3.11 +-  -nan #hb=  200  atoms "A   -534 -ARG -CZ  " and "B   -6   -TYR -CZ  "
d(H-D)=    3.81 +-  -nan #hb=  200  atoms "A   -550 -GLU -CD  " and "B   -2   -MET -C   "
d(H-D)=    3.04 +-  -nan #hb=  200  atoms "A   -550 -GLU -CD  " and "B   -2   -MET -CA  "
d(H-D)=    3.07 +-  -nan #hb=  200  atoms "A   -550 -GLU -CD  " and "B   -2   -MET -CB  "
d(H-D)=    3.85 +-  -nan #hb=  200  atoms "A   -550 -GLU -CD  " and "B   -2   -MET -CG  "
d(H-D)=    3.18 +-  0.00 #hb=  200  atoms "A   -575 -PRO -CB  " and "B   -2   -MET -CB  "
d(H-D)=    3.81 +-  -nan #hb=  200  atoms "A   -575 -PRO -CG  " and "B   -2   -MET -CB  "
d(H-D)=    2.90 +-  0.00 #hb=  200  atoms "A   -576 -ALA -CA  " and "B   -3   -TRP -C   "
d(H-D)=    3.28 +-  0.00 #hb=  200  atoms "A   -576 -ALA -CA  " and "B   -3   -TRP -CA  "
d(H-D)=    3.29 +-  -nan #hb=  200  atoms "A   -576 -ALA -CA  " and "B   -3   -TRP -CB  "
d(H-D)=    3.20 +-  0.00 #hb=  200  atoms "A   -576 -ALA -CA  " and "B   -4   -ARG -CB  "
d(H-D)=    3.46 +-  0.00 #hb=  200  atoms "A   -576 -ALA -CA  " and "B   -4   -ARG -CD  "
d(H-D)=    3.18 +-  0.00 #hb=  200  atoms "A   -576 -ALA -CA  " and "B   -4   -ARG -CG  "
d(H-D)=    3.53 +-  0.00 #hb=  200  atoms "A   -576 -ALA -C   " and "B   -4   -ARG -CB  "
d(H-D)=    3.89 +-  0.00 #hb=  200  atoms "A   -576 -ALA -C   " and "B   -4   -ARG -CD  "
d(H-D)=    3.23 +-  0.00 #hb=  200  atoms "A   -576 -ALA -C   " and "B   -4   -ARG -CG  "
d(H-D)=    2.83 +-  -nan #hb=  200  atoms "A   -576 -ALA -CB  " and "B   -3   -TRP -C   "
d(H-D)=    3.31 +-  0.00 #hb=  200  atoms "A   -576 -ALA -CB  " and "B   -3   -TRP -CA  "
d(H-D)=    2.67 +-  -nan #hb=  200  atoms "A   -576 -ALA -CB  " and "B   -3   -TRP -CB  "
d(H-D)=    2.86 +-  0.00 #hb=  200  atoms "A   -576 -ALA -CB  " and "B   -3   -TRP -CD2 "
d(H-D)=    2.87 +-  -nan #hb=  200  atoms "A   -576 -ALA -CB  " and "B   -3   -TRP -CE3 "
d(H-D)=    2.77 +-  -nan #hb=  200  atoms "A   -576 -ALA -CB  " and "B   -3   -TRP -CG  "
d(H-D)=    3.64 +-  0.00 #hb=  200  atoms "A   -576 -ALA -CB  " and "B   -4   -ARG -CA  "
d(H-D)=    2.57 +-  -nan #hb=  200  atoms "A   -576 -ALA -CB  " and "B   -4   -ARG -CB  "
d(H-D)=    3.75 +-  0.00 #hb=  200  atoms "A   -576 -ALA -CB  " and "B   -4   -ARG -CD  "
d(H-D)=    3.05 +-  -nan #hb=  200  atoms "A   -576 -ALA -CB  " and "B   -4   -ARG -CG  "
d(H-D)=    3.53 +-  -nan #hb=  200  atoms "A   -577 -CYS -C   " and "B   -3   -TRP -CE3 "
d(H-D)=    3.37 +-  0.00 #hb=  200  atoms "A   -578 -TYR -CA  " and "B   -3   -TRP -CE3 "
d(H-D)=    3.53 +-  0.00 #hb=  200  atoms "A   -578 -TYR -CA  " and "B   -3   -TRP -CZ3 "
d(H-D)=    3.81 +-  -nan #hb=  200  atoms "A   -578 -TYR -C   " and "B   -3   -TRP -CE3 "
d(H-D)=    3.34 +-  0.00 #hb=  200  atoms "A   -578 -TYR -C   " and "B   -3   -TRP -CZ3 "
d(H-D)=    3.51 +-  0.00 #hb=  200  atoms "A   -578 -TYR -CB  " and "B   -3   -TRP -CE3 "
d(H-D)=    3.88 +-  -nan #hb=  200  atoms "A   -578 -TYR -CD2 " and "B   -3   -TRP -CB  "
d(H-D)=    3.80 +-  -nan #hb=  200  atoms "A   -578 -TYR -CD2 " and "B   -3   -TRP -CD2 "
d(H-D)=    3.79 +-  0.00 #hb=  200  atoms "A   -578 -TYR -CD2 " and "B   -3   -TRP -CE3 "
d(H-D)=    3.78 +-  0.00 #hb=  200  atoms "A   -578 -TYR -CD2 " and "B   -3   -TRP -CG  "
d(H-D)=    3.46 +-  -nan #hb=  200  atoms "A   -578 -TYR -CE1 " and "B   -3   -TRP -CB  "
d(H-D)=    3.25 +-  0.00 #hb=  200  atoms "A   -578 -TYR -CE2 " and "B   -3   -TRP -CB  "
d(H-D)=    3.65 +-  0.00 #hb=  200  atoms "A   -578 -TYR -CE2 " and "B   -3   -TRP -CG  "
d(H-D)=    3.52 +-  0.00 #hb=  200  atoms "A   -578 -TYR -CG  " and "B   -3   -TRP -CE3 "
d(H-D)=    3.01 +-  -nan #hb=  200  atoms "A   -578 -TYR -CZ  " and "B   -3   -TRP -CB  "
d(H-D)=    3.68 +-  -nan #hb=  200  atoms "A   -620 -SER -CB  " and "B   -3   -TRP -CE2 "
d(H-D)=    3.39 +-  -nan #hb=  200  atoms "A   -620 -SER -CB  " and "B   -3   -TRP -CH2 "
d(H-D)=    3.39 +-  0.00 #hb=  200  atoms "A   -620 -SER -CB  " and "B   -3   -TRP -CZ2 "
d(H-D)=    3.67 +-  0.00 #hb=  200  atoms "A   -620 -SER -CB  " and "B   -3   -TRP -CZ3 "
d(H-D)=    3.63 +-  0.00 #hb=  200  atoms "A   -743 -LEU -CB  " and "B   -6   -TYR -CD1 "
d(H-D)=    3.35 +-  -nan #hb=  200  atoms "A   -743 -LEU -CD2 " and "B   -6   -TYR -CB  "
d(H-D)=    3.20 +-  -nan #hb=  200  atoms "A   -743 -LEU -CG  " and "B   -6   -TYR -CB  "
d(H-D)=    3.64 +-  0.00 #hb=  200  atoms "A   -743 -LEU -CG  " and "B   -6   -TYR -CD1 "
d(H-D)=    3.77 +-  -nan #hb=  200  atoms "A   -743 -LEU -CG  " and "B   -6   -TYR -CG  "
