d(H-D)=    3.84 +-  0.00 #hb=  200  atoms "A   -488 -CYS -CA  " and "B   -6   -TRP -CE3 "
d(H-D)=    3.70 +-  0.00 #hb=  200  atoms "A   -488 -CYS -CA  " and "B   -6   -TRP -CH2 "
d(H-D)=    3.86 +-  0.00 #hb=  200  atoms "A   -488 -CYS -CA  " and "B   -6   -TRP -CZ2 "
d(H-D)=    3.71 +-  -nan #hb=  200  atoms "A   -488 -CYS -CA  " and "B   -6   -TRP -CZ3 "
d(H-D)=    3.83 +-  0.00 #hb=  200  atoms "A   -488 -CYS -C   " and "B   -6   -TRP -CE3 "
d(H-D)=    3.07 +-  -nan #hb=  200  atoms "A   -488 -CYS -C   " and "B   -6   -TRP -CH2 "
d(H-D)=    3.69 +-  -nan #hb=  200  atoms "A   -488 -CYS -C   " and "B   -6   -TRP -CZ2 "
d(H-D)=    3.16 +-  -nan #hb=  200  atoms "A   -488 -CYS -C   " and "B   -6   -TRP -CZ3 "
d(H-D)=    3.45 +-  0.00 #hb=  200  atoms "A   -488 -CYS -CB  " and "B   -6   -TRP -CD2 "
d(H-D)=    3.05 +-  -nan #hb=  200  atoms "A   -488 -CYS -CB  " and "B   -6   -TRP -CE2 "
d(H-D)=    3.78 +-  0.00 #hb=  200  atoms "A   -488 -CYS -CB  " and "B   -6   -TRP -CE3 "
d(H-D)=    3.49 +-  -nan #hb=  200  atoms "A   -488 -CYS -CB  " and "B   -6   -TRP -CH2 "
d(H-D)=    3.10 +-  0.00 #hb=  200  atoms "A   -488 -CYS -CB  " and "B   -6   -TRP -CZ2 "
d(H-D)=    3.82 +-  0.00 #hb=  200  atoms "A   -488 -CYS -CB  " and "B   -6   -TRP -CZ3 "
d(H-D)=    3.56 +-  -nan #hb=  200  atoms "A   -531 -ASN -CA  " and "B   -4   -ARG -CD  "
d(H-D)=    2.69 +-  0.00 #hb=  200  atoms "A   -531 -ASN -CA  " and "B   -4   -ARG -CZ  "
d(H-D)=    3.48 +-  0.00 #hb=  200  atoms "A   -531 -ASN -C   " and "B   -4   -ARG -CD  "
d(H-D)=    2.52 +-  0.00 #hb=  200  atoms "A   -531 -ASN -C   " and "B   -4   -ARG -CZ  "
d(H-D)=    3.25 +-  0.00 #hb=  200  atoms "A   -531 -ASN -CB  " and "B   -2   -MET -C   "
d(H-D)=    3.40 +-  -nan #hb=  200  atoms "A   -531 -ASN -CB  " and "B   -2   -MET -CA  "
d(H-D)=    3.32 +-  0.00 #hb=  200  atoms "A   -531 -ASN -CB  " and "B   -3   -TRP -C   "
d(H-D)=    3.54 +-  -nan #hb=  200  atoms "A   -531 -ASN -CB  " and "B   -3   -TRP -CA  "
d(H-D)=    2.75 +-  0.00 #hb=  200  atoms "A   -531 -ASN -CB  " and "B   -4   -ARG -CD  "
d(H-D)=    3.69 +-  -nan #hb=  200  atoms "A   -531 -ASN -CB  " and "B   -4   -ARG -CG  "
d(H-D)=    3.00 +-  -nan #hb=  200  atoms "A   -531 -ASN -CB  " and "B   -4   -ARG -CZ  "
d(H-D)=    3.86 +-  0.00 #hb=  200  atoms "A   -531 -ASN -CG  " and "B   -2   -MET -C   "
d(H-D)=    3.05 +-  -nan #hb=  200  atoms "A   -531 -ASN -CG  " and "B   -3   -TRP -C   "
d(H-D)=    3.55 +-  0.00 #hb=  200  atoms "A   -531 -ASN -CG  " and "B   -3   -TRP -CA  "
d(H-D)=    3.72 +-  -nan #hb=  200  atoms "A   -531 -ASN -CG  " and "B   -4   -ARG -CB  "
d(H-D)=    2.50 +-  0.00 #hb=  200  atoms "A   -531 -ASN -CG  " and "B   -4   -ARG -CD  "
d(H-D)=    3.49 +-  0.00 #hb=  200  atoms "A   -531 -ASN -CG  " and "B   -4   -ARG -CG  "
d(H-D)=    3.40 +-  -nan #hb=  200  atoms "A   -531 -ASN -CG  " and "B   -4   -ARG -CZ  "
d(H-D)=    3.18 +-  -nan #hb=  200  atoms "A   -532 -TYR -CA  " and "B   -4   -ARG -CZ  "
d(H-D)=    2.95 +-  -nan #hb=  200  atoms "A   -532 -TYR -CA  " and "B   -6   -TRP -CD1 "
d(H-D)=    3.36 +-  -nan #hb=  200  atoms "A   -532 -TYR -CA  " and "B   -6   -TRP -CE2 "
d(H-D)=    3.76 +-  -nan #hb=  200  atoms "A   -532 -TYR -C   " and "B   -6   -TRP -CE2 "
d(H-D)=    3.82 +-  0.00 #hb=  200  atoms "A   -532 -TYR -C   " and "B   -6   -TRP -CZ2 "
d(H-D)=    3.13 +-  -nan #hb=  200  atoms "A   -532 -TYR -CB  " and "B   -4   -ARG -CZ  "
d(H-D)=    2.67 +-  -nan #hb=  200  atoms "A   -532 -TYR -CB  " and "B   -6   -TRP -CD1 "
d(H-D)=    3.66 +-  0.00 #hb=  200  atoms "A   -532 -TYR -CB  " and "B   -6   -TRP -CE2 "
d(H-D)=    3.32 +-  0.00 #hb=  200  atoms "A   -532 -TYR -CB  " and "B   -6   -TRP -CG  "
d(H-D)=    3.20 +-  -nan #hb=  200  atoms "A   -532 -TYR -CD1 " and "B   -4   -ARG -CD  "
d(H-D)=    2.51 +-  -nan #hb=  200  atoms "A   -532 -TYR -CD1 " and "B   -4   -ARG -CZ  "
d(H-D)=    3.46 +-  -nan #hb=  200  atoms "A   -532 -TYR -CD2 " and "B   -4   -ARG -CB  "
d(H-D)=    2.69 +-  0.00 #hb=  200  atoms "A   -532 -TYR -CD2 " and "B   -4   -ARG -CD  "
d(H-D)=    2.72 +-  -nan #hb=  200  atoms "A   -532 -TYR -CD2 " and "B   -4   -ARG -CG  "
d(H-D)=    3.48 +-  -nan #hb=  200  atoms "A   -532 -TYR -CD2 " and "B   -4   -ARG -CZ  "
d(H-D)=    3.23 +-  -nan #hb=  200  atoms "A   -532 -TYR -CD2 " and "B   -6   -TRP -C   "
d(H-D)=    2.80 +-  -nan #hb=  200  atoms "A   -532 -TYR -CD2 " and "B   -6   -TRP -CA  "
d(H-D)=    2.62 +-  0.00 #hb=  200  atoms "A   -532 -TYR -CD2 " and "B   -6   -TRP -CB  "
d(H-D)=    2.48 +-  -nan #hb=  200  atoms "A   -532 -TYR -CD2 " and "B   -6   -TRP -CD1 "
d(H-D)=    2.78 +-  0.00 #hb=  200  atoms "A   -532 -TYR -CD2 " and "B   -6   -TRP -CG  "
d(H-D)=    3.05 +-  0.00 #hb=  200  atoms "A   -532 -TYR -CE1 " and "B   -4   -ARG -CD  "
d(H-D)=    3.14 +-  -nan #hb=  200  atoms "A   -532 -TYR -CE1 " and "B   -4   -ARG -CZ  "
d(H-D)=    2.72 +-  0.00 #hb=  200  atoms "A   -532 -TYR -CE2 " and "B   -4   -ARG -CB  "
d(H-D)=    2.66 +-  -nan #hb=  200  atoms "A   -532 -TYR -CE2 " and "B   -4   -ARG -CD  "
d(H-D)=    2.62 +-  0.00 #hb=  200  atoms "A   -532 -TYR -CE2 " and "B   -4   -ARG -CG  "
d(H-D)=    2.58 +-  0.00 #hb=  200  atoms "A   -532 -TYR -CE2 " and "B   -6   -TRP -C   "
d(H-D)=    2.62 +-  -nan #hb=  200  atoms "A   -532 -TYR -CE2 " and "B   -6   -TRP -CA  "
d(H-D)=    3.22 +-  0.00 #hb=  200  atoms "A   -532 -TYR -CE2 " and "B   -6   -TRP -CB  "
d(H-D)=    3.51 +-  0.00 #hb=  200  atoms "A   -532 -TYR -CE2 " and "B   -6   -TRP -CD1 "
d(H-D)=    3.72 +-  -nan #hb=  200  atoms "A   -532 -TYR -CE2 " and "B   -6   -TRP -CG  "
d(H-D)=    3.07 +-  0.00 #hb=  200  atoms "A   -532 -TYR -CG  " and "B   -4   -ARG -CD  "
d(H-D)=    3.57 +-  0.00 #hb=  200  atoms "A   -532 -TYR -CG  " and "B   -4   -ARG -CG  "
d(H-D)=    2.79 +-  0.00 #hb=  200  atoms "A   -532 -TYR -CG  " and "B   -4   -ARG -CZ  "
d(H-D)=    3.49 +-  -nan #hb=  200  atoms "A   -532 -TYR -CG  " and "B   -6   -TRP -CB  "
d(H-D)=    2.92 +-  -nan #hb=  200  atoms "A   -532 -TYR -CG  " and "B   -6   -TRP -CD1 "
d(H-D)=    3.39 +-  0.00 #hb=  200  atoms "A   -532 -TYR -CG  " and "B   -6   -TRP -CG  "
d(H-D)=    3.14 +-  0.00 #hb=  200  atoms "A   -532 -TYR -CZ  " and "B   -4   -ARG -CB  "
d(H-D)=    2.84 +-  -nan #hb=  200  atoms "A   -532 -TYR -CZ  " and "B   -4   -ARG -CD  "
d(H-D)=    3.26 +-  0.00 #hb=  200  atoms "A   -532 -TYR -CZ  " and "B   -4   -ARG -CG  "
d(H-D)=    3.27 +-  -nan #hb=  200  atoms "A   -532 -TYR -CZ  " and "B   -6   -TRP -C   "
d(H-D)=    3.73 +-  0.00 #hb=  200  atoms "A   -532 -TYR -CZ  " and "B   -6   -TRP -CA  "
d(H-D)=    3.58 +-  0.00 #hb=  200  atoms "A   -533 -ILE -C   " and "B   -6   -TRP -CZ2 "
d(H-D)=    3.74 +-  -nan #hb=  200  atoms "A   -534 -ARG -CA  " and "B   -6   -TRP -CH2 "
d(H-D)=    3.26 +-  0.00 #hb=  200  atoms "A   -534 -ARG -CA  " and "B   -6   -TRP -CZ2 "
d(H-D)=    3.61 +-  0.00 #hb=  200  atoms "A   -534 -ARG -C   " and "B   -6   -TRP -CH2 "
d(H-D)=    3.61 +-  -nan #hb=  200  atoms "A   -534 -ARG -C   " and "B   -6   -TRP -CZ2 "
d(H-D)=    3.00 +-  -nan #hb=  200  atoms "A   -534 -ARG -CZ  " and "B   -3   -TRP -CE3 "
d(H-D)=    3.53 +-  -nan #hb=  200  atoms "A   -534 -ARG -CZ  " and "B   -3   -TRP -CH2 "
d(H-D)=    2.70 +-  -nan #hb=  200  atoms "A   -534 -ARG -CZ  " and "B   -3   -TRP -CZ3 "
d(H-D)=    3.67 +-  0.00 #hb=  200  atoms "A   -534 -ARG -CZ  " and "B   -5   -PRO -CG  "
d(H-D)=    3.34 +-  0.00 #hb=  200  atoms "A   -534 -ARG -CZ  " and "B   -6   -TRP -CE2 "
d(H-D)=    3.82 +-  0.00 #hb=  200  atoms "A   -534 -ARG -CZ  " and "B   -6   -TRP -CH2 "
d(H-D)=    2.91 +-  -nan #hb=  200  atoms "A   -534 -ARG -CZ  " and "B   -6   -TRP -CZ2 "
d(H-D)=    3.38 +-  0.00 #hb=  200  atoms "A   -575 -PRO -C   " and "B   -2   -MET -C   "
d(H-D)=    3.51 +-  -nan #hb=  200  atoms "A   -575 -PRO -CB  " and "B   -2   -MET -CB  "
d(H-D)=    3.84 +-  -nan #hb=  200  atoms "A   -576 -ALA -CA  " and "B   -2   -MET -C   "
d(H-D)=    3.18 +-  -nan #hb=  200  atoms "A   -576 -ALA -CA  " and "B   -3   -TRP -C   "
d(H-D)=    3.18 +-  -nan #hb=  200  atoms "A   -576 -ALA -CA  " and "B   -3   -TRP -CA  "
d(H-D)=    2.94 +-  0.00 #hb=  200  atoms "A   -576 -ALA -CA  " and "B   -3   -TRP -CB  "
d(H-D)=    3.75 +-  0.00 #hb=  200  atoms "A   -576 -ALA -CA  " and "B   -3   -TRP -CD2 "
d(H-D)=    3.59 +-  0.00 #hb=  200  atoms "A   -576 -ALA -CA  " and "B   -3   -TRP -CE3 "
d(H-D)=    3.50 +-  0.00 #hb=  200  atoms "A   -576 -ALA -CA  " and "B   -3   -TRP -CG  "
d(H-D)=    3.73 +-  -nan #hb=  200  atoms "A   -576 -ALA -C   " and "B   -3   -TRP -CB  "
d(H-D)=    3.80 +-  -nan #hb=  200  atoms "A   -576 -ALA -C   " and "B   -3   -TRP -CD2 "
d(H-D)=    3.20 +-  0.00 #hb=  200  atoms "A   -576 -ALA -C   " and "B   -3   -TRP -CE3 "
d(H-D)=    2.93 +-  0.00 #hb=  200  atoms "A   -576 -ALA -CB  " and "B   -3   -TRP -C   "
d(H-D)=    3.52 +-  0.00 #hb=  200  atoms "A   -576 -ALA -CB  " and "B   -3   -TRP -CA  "
d(H-D)=    3.05 +-  0.00 #hb=  200  atoms "A   -576 -ALA -CB  " and "B   -3   -TRP -CB  "
d(H-D)=    3.82 +-  0.00 #hb=  200  atoms "A   -576 -ALA -CB  " and "B   -3   -TRP -CD1 "
d(H-D)=    2.84 +-  0.00 #hb=  200  atoms "A   -576 -ALA -CB  " and "B   -3   -TRP -CD2 "
d(H-D)=    3.81 +-  0.00 #hb=  200  atoms "A   -576 -ALA -CB  " and "B   -3   -TRP -CE2 "
d(H-D)=    2.92 +-  0.00 #hb=  200  atoms "A   -576 -ALA -CB  " and "B   -3   -TRP -CE3 "
d(H-D)=    2.82 +-  -nan #hb=  200  atoms "A   -576 -ALA -CB  " and "B   -3   -TRP -CG  "
d(H-D)=    3.87 +-  0.00 #hb=  200  atoms "A   -576 -ALA -CB  " and "B   -3   -TRP -CZ3 "
d(H-D)=    3.89 +-  0.00 #hb=  200  atoms "A   -576 -ALA -CB  " and "B   -4   -ARG -CA  "
d(H-D)=    3.89 +-  0.00 #hb=  200  atoms "A   -576 -ALA -CB  " and "B   -4   -ARG -CB  "
d(H-D)=    3.36 +-  -nan #hb=  200  atoms "A   -576 -ALA -CB  " and "B   -4   -ARG -CD  "
d(H-D)=    2.89 +-  0.00 #hb=  200  atoms "A   -576 -ALA -CB  " and "B   -4   -ARG -CG  "
d(H-D)=    2.75 +-  -nan #hb=  200  atoms "A   -576 -ALA -CB  " and "B   -5   -PRO -CD  "
d(H-D)=    3.61 +-  0.00 #hb=  200  atoms "A   -576 -ALA -CB  " and "B   -5   -PRO -CG  "
d(H-D)=    3.87 +-  0.00 #hb=  200  atoms "A   -576 -ALA -CB  " and "B   -6   -TRP -CD1 "
d(H-D)=    3.33 +-  -nan #hb=  200  atoms "A   -577 -CYS -CA  " and "B   -3   -TRP -CE3 "
d(H-D)=    3.82 +-  0.00 #hb=  200  atoms "A   -577 -CYS -CA  " and "B   -3   -TRP -CZ3 "
d(H-D)=    2.90 +-  0.00 #hb=  200  atoms "A   -577 -CYS -C   " and "B   -3   -TRP -CE3 "
d(H-D)=    2.97 +-  -nan #hb=  200  atoms "A   -577 -CYS -C   " and "B   -3   -TRP -CZ3 "
d(H-D)=    3.33 +-  -nan #hb=  200  atoms "A   -578 -TYR -CA  " and "B   -3   -TRP -CE3 "
d(H-D)=    3.20 +-  -nan #hb=  200  atoms "A   -578 -TYR -CA  " and "B   -3   -TRP -CZ3 "
d(H-D)=    3.70 +-  0.00 #hb=  200  atoms "A   -578 -TYR -C   " and "B   -3   -TRP -CE3 "
d(H-D)=    3.32 +-  0.00 #hb=  200  atoms "A   -578 -TYR -C   " and "B   -3   -TRP -CH2 "
d(H-D)=    2.96 +-  0.00 #hb=  200  atoms "A   -578 -TYR -C   " and "B   -3   -TRP -CZ3 "
d(H-D)=    3.76 +-  0.00 #hb=  200  atoms "A   -578 -TYR -CB  " and "B   -3   -TRP -CE3 "
d(H-D)=    3.85 +-  -nan #hb=  200  atoms "A   -578 -TYR -CD2 " and "B   -3   -TRP -CB  "
d(H-D)=    3.73 +-  0.00 #hb=  200  atoms "A   -578 -TYR -CD2 " and "B   -3   -TRP -CG  "
d(H-D)=    3.58 +-  0.00 #hb=  200  atoms "A   -578 -TYR -CE1 " and "B   -3   -TRP -CB  "
d(H-D)=    3.36 +-  -nan #hb=  200  atoms "A   -578 -TYR -CE2 " and "B   -3   -TRP -CB  "
d(H-D)=    3.79 +-  -nan #hb=  200  atoms "A   -578 -TYR -CE2 " and "B   -3   -TRP -CG  "
d(H-D)=    3.83 +-  0.00 #hb=  200  atoms "A   -578 -TYR -CG  " and "B   -3   -TRP -CE3 "
d(H-D)=    3.20 +-  -nan #hb=  200  atoms "A   -578 -TYR -CZ  " and "B   -3   -TRP -CB  "
d(H-D)=    3.54 +-  -nan #hb=  200  atoms "A   -620 -SER -CB  " and "B   -3   -TRP -CE2 "
d(H-D)=    3.56 +-  -nan #hb=  200  atoms "A   -620 -SER -CB  " and "B   -3   -TRP -CZ2 "
d(H-D)=    3.51 +-  -nan #hb=  200  atoms "A   -702 -LEU -CD2 " and "B   -5   -PRO -C   "
d(H-D)=    3.73 +-  0.00 #hb=  200  atoms "A   -743 -LEU -CB  " and "B   -6   -TRP -CE3 "
d(H-D)=    3.52 +-  0.00 #hb=  200  atoms "A   -743 -LEU -CD2 " and "B   -6   -TRP -CB  "
d(H-D)=    3.16 +-  -nan #hb=  200  atoms "A   -743 -LEU -CG  " and "B   -6   -TRP -CB  "
