Interface Mode ON
Loaded 200 structures
Using complex_45w.pdb as reference
Read 2 chains from contacts file: AB
Symmetry option on. Checking chain lengths: WARNING!! Chains have different lengths! (B:5 != A:337)
You main run into problems later on...
OK!
Generating ZONE definitions..
Symmetry option was turned on, but chains are not identical: Turning symmetry off
Defined 1 zone(s)
ZONE CLEAR \n ZONE A485-A485:A485-A485 ZONE A486-A486:A486-A486 ZONE A487-A487:A487-A487 ZONE A488-A488:A488-A488 ZONE A489-A489:A489-A489 ZONE A490-A490:A490-A490 ZONE A502-A502:A502-A502 ZONE A503-A503:A503-A503 ZONE A504-A504:A504-A504 ZONE A527-A527:A527-A527 ZONE A528-A528:A528-A528 ZONE A529-A529:A529-A529 ZONE A530-A530:A530-A530 ZONE A531-A531:A531-A531 ZONE A532-A532:A532-A532 ZONE A533-A533:A533-A533 ZONE A534-A534:A534-A534 ZONE A535-A535:A535-A535 ZONE A548-A548:A548-A548 ZONE A549-A549:A549-A549 ZONE A550-A550:A550-A550 ZONE A551-A551:A551-A551 ZONE A552-A552:A552-A552 ZONE A553-A553:A553-A553 ZONE A573-A573:A573-A573 ZONE A574-A574:A574-A574 ZONE A575-A575:A575-A575 ZONE A576-A576:A576-A576 ZONE A577-A577:A577-A577 ZONE A578-A578:A578-A578 ZONE A579-A579:A579-A579 ZONE A594-A594:A594-A594 ZONE A617-A617:A617-A617 ZONE A618-A618:A618-A618 ZONE A619-A619:A619-A619 ZONE A620-A620:A620-A620 ZONE A621-A621:A621-A621 ZONE A622-A622:A622-A622 ZONE A634-A634:A634-A634 ZONE A635-A635:A635-A635 ZONE A636-A636:A636-A636 ZONE A637-A637:A637-A637 ZONE A638-A638:A638-A638 ZONE A658-A658:A658-A658 ZONE A659-A659:A659-A659 ZONE A660-A660:A660-A660 ZONE A661-A661:A661-A661 ZONE A662-A662:A662-A662 ZONE A663-A663:A663-A663 ZONE A675-A675:A675-A675 ZONE A676-A676:A676-A676 ZONE A677-A677:A677-A677 ZONE A699-A699:A699-A699 ZONE A700-A700:A700-A700 ZONE A701-A701:A701-A701 ZONE A702-A702:A702-A702 ZONE A703-A703:A703-A703 ZONE A704-A704:A704-A704 ZONE A716-A716:A716-A716 ZONE A717-A717:A717-A717 ZONE A718-A718:A718-A718 ZONE A719-A719:A719-A719 ZONE A720-A720:A720-A720 ZONE A740-A740:A740-A740 ZONE A741-A741:A741-A741 ZONE A742-A742:A742-A742 ZONE A743-A743:A743-A743 ZONE A744-A744:A744-A744 ZONE A745-A745:A745-A745 ZONE A757-A757:A757-A757 ZONE A758-A758:A758-A758 ZONE A759-A759:A759-A759 ZONE A760-A760:A760-A760\n ZONE B2-B2:B2-B2 ZONE B3-B3:B3-B3 ZONE B4-B4:B4-B4 ZONE B5-B5:B5-B5 ZONE B6-B6:B6-B6\n FIT
RMS: 0.000
1
RMS: 0.288
1
RMS: 0.592
1
RMS: 0.527
1
RMS: 0.120
1
RMS: 0.462
1
RMS: 0.358
1
RMS: 0.344
1
RMS: 0.313
1
RMS: 0.178
1
RMS: 0.159
1
RMS: 1.021
1
RMS: 0.909
1
RMS: 0.935
1
RMS: 0.346
1
RMS: 0.637
1
RMS: 0.815
1
RMS: 0.847
1
RMS: 0.290
1
RMS: 0.221
1
RMS: 0.257
1
RMS: 0.489
1
RMS: 0.336
1
RMS: 0.830
1
RMS: 0.505
1
RMS: 0.476
1
RMS: 0.637
1
RMS: 0.923
1
RMS: 0.218
1
RMS: 0.653
1
RMS: 0.710
1
RMS: 0.260
1
RMS: 0.250
1
RMS: 0.432
1
RMS: 0.134
1
RMS: 0.127
1
RMS: 0.826
1
RMS: 0.152
1
RMS: 0.172
1
RMS: 0.476
1
RMS: 0.776
1
RMS: 0.739
1
RMS: 0.371
1
RMS: 0.266
1
RMS: 0.632
1
RMS: 0.405
1
RMS: 0.391
1
RMS: 0.206
1
RMS: 0.590
1
RMS: 0.998
1
RMS: 0.226
1
RMS: 1.319
1
RMS: 1.012
1
RMS: 0.816
1
RMS: 0.411
1
RMS: 0.321
1
RMS: 0.411
1
RMS: 0.176
1
RMS: 0.331
1
RMS: 0.215
1
RMS: 0.276
1
RMS: 1.079
1
RMS: 0.497
1
RMS: 0.456
1
RMS: 0.572
1
RMS: 0.609
1
RMS: 0.754
1
RMS: 0.634
1
RMS: 0.973
1
RMS: 0.228
1
RMS: 0.188
1
RMS: 0.572
1
RMS: 0.812
1
RMS: 0.271
1
RMS: 0.809
1
RMS: 0.286
1
RMS: 0.748
1
RMS: 0.389
1
RMS: 0.490
1
RMS: 0.155
1
RMS: 0.704
1
RMS: 0.875
1
RMS: 0.176
1
RMS: 0.987
1
RMS: 0.234
1
RMS: 0.967
1
RMS: 0.407
1
RMS: 0.417
1
RMS: 0.323
1
RMS: 0.536
1
RMS: 0.771
1
RMS: 0.722
1
RMS: 0.519
1
RMS: 0.441
1
RMS: 0.375
1
RMS: 0.836
1
RMS: 0.723
1
RMS: 1.018
1
RMS: 0.668
1
RMS: 0.235
1
RMS: 0.870
1
RMS: 0.944
1
RMS: 0.934
1
RMS: 0.664
1
RMS: 0.718
1
RMS: 0.349
1
RMS: 0.379
1
RMS: 0.529
1
RMS: 0.789
1
RMS: 0.333
1
RMS: 0.107
1
RMS: 1.046
1
RMS: 0.056
1
RMS: 0.836
1
RMS: 0.751
1
RMS: 0.441
1
RMS: 0.347
1
RMS: 0.184
1
RMS: 0.108
1
RMS: 0.839
1
RMS: 0.807
1
RMS: 0.762
1
RMS: 1.221
1
RMS: 0.698
1
RMS: 0.509
1
RMS: 0.224
1
RMS: 0.875
1
RMS: 0.203
1
RMS: 0.309
1
RMS: 0.246
1
RMS: 0.240
1
RMS: 0.324
1
RMS: 0.948
1
RMS: 0.644
1
RMS: 0.930
1
RMS: 0.959
1
RMS: 0.322
1
RMS: 0.463
1
RMS: 0.657
1
RMS: 0.236
1
RMS: 0.344
1
RMS: 0.363
1
RMS: 0.187
1
RMS: 0.987
1
RMS: 0.636
1
RMS: 1.008
1
RMS: 0.438
1
RMS: 0.353
1
RMS: 0.267
1
RMS: 0.290
1
RMS: 0.285
1
RMS: 0.356
1
RMS: 0.836
1
RMS: 0.600
1
RMS: 0.704
1
RMS: 0.285
1
RMS: 0.652
1
RMS: 0.619
1
RMS: 1.163
1
RMS: 0.642
1
RMS: 0.860
1
RMS: 0.476
1
RMS: 0.524
1
RMS: 0.916
1
RMS: 1.057
1
RMS: 0.299
1
RMS: 0.628
1
RMS: 0.338
1
RMS: 0.324
1
RMS: 0.580
1
RMS: 0.265
1
RMS: 0.201
1
RMS: 0.256
1
RMS: 1.026
1
RMS: 0.456
1
RMS: 0.501
1
RMS: 0.112
1
RMS: 0.952
1
RMS: 0.499
1
RMS: 0.440
1
RMS: 0.471
1
RMS: 0.779
1
RMS: 0.830
1
RMS: 0.740
1
RMS: 0.735
1
RMS: 1.103
1
RMS: 0.992
1
RMS: 0.535
1
RMS: 0.995
1
RMS: 0.510
1
RMS: 0.914
1
RMS: 0.784
1
RMS: 0.696
1
RMS: 0.360
1
RMS: 0.974
1
RMS: 0.525
1
RMS: 0.718
1
RMS: 0.583
1
RMS: 0.384
1
RMS: 0.405
1

