Ligand Mode ON
Loaded 200 structures
Using complex_45w.pdb as reference
Read 2 chains from reference file: AB
Symmetry option on. Checking chain lengths: WARNING!! Chains have different lengths! (B:5 != A:337)
You main run into problems later on...
OK!
Generating ZONE definitions..
Symmetry option was turned on, but chains are not identical: Turning symmetry off
Defined 1 zone(s)
ZONE CLEAR \n ZONE A* \n FIT \nRZONE B*\n
RMS: 0.000
1
RMS: 0.636
1
RMS: 0.887
1
RMS: 0.808
1
RMS: 0.678
1
RMS: 0.789
1
RMS: 0.358
1
RMS: 1.165
1
RMS: 0.725
1
RMS: 0.817
1
RMS: 0.477
1
RMS: 1.151
1
RMS: 1.188
1
RMS: 1.177
1
RMS: 0.752
1
RMS: 0.963
1
RMS: 1.193
1
RMS: 1.228
1
RMS: 0.545
1
RMS: 0.430
1
RMS: 0.608
1
RMS: 1.081
1
RMS: 0.956
1
RMS: 1.283
1
RMS: 0.592
1
RMS: 1.343
1
RMS: 1.213
1
RMS: 1.301
1
RMS: 1.189
1
RMS: 1.208
1
RMS: 1.326
1
RMS: 0.559
1
RMS: 0.821
1
RMS: 0.769
1
RMS: 0.459
1
RMS: 0.942
1
RMS: 1.312
1
RMS: 0.710
1
RMS: 0.545
1
RMS: 0.822
1
RMS: 0.890
1
RMS: 1.080
1
RMS: 0.611
1
RMS: 0.459
1
RMS: 0.883
1
RMS: 0.950
1
RMS: 0.877
1
RMS: 0.540
1
RMS: 0.878
1
RMS: 1.367
1
RMS: 0.615
1
RMS: 1.915
1
RMS: 1.261
1
RMS: 1.246
1
RMS: 0.834
1
RMS: 1.080
1
RMS: 0.785
1
RMS: 0.410
1
RMS: 0.904
1
RMS: 0.798
1
RMS: 0.754
1
RMS: 1.592
1
RMS: 1.023
1
RMS: 1.207
1
RMS: 0.792
1
RMS: 1.158
1
RMS: 0.954
1
RMS: 0.705
1
RMS: 1.013
1
RMS: 0.777
1
RMS: 1.121
1
RMS: 1.284
1
RMS: 1.177
1
RMS: 1.338
1
RMS: 0.981
1
RMS: 0.903
1
RMS: 1.094
1
RMS: 1.013
1
RMS: 0.792
1
RMS: 0.477
1
RMS: 0.782
1
RMS: 1.296
1
RMS: 0.353
1
RMS: 1.213
1
RMS: 1.184
1
RMS: 0.923
1
RMS: 1.233
1
RMS: 1.136
1
RMS: 0.843
1
RMS: 0.780
1
RMS: 0.854
1
RMS: 1.059
1
RMS: 0.755
1
RMS: 0.935
1
RMS: 0.703
1
RMS: 1.297
1
RMS: 0.933
1
RMS: 1.301
1
RMS: 1.216
1
RMS: 0.913
1
RMS: 1.081
1
RMS: 1.321
1
RMS: 1.647
1
RMS: 1.002
1
RMS: 1.161
1
RMS: 0.950
1
RMS: 0.502
1
RMS: 1.648
1
RMS: 1.343
1
RMS: 0.511
1
RMS: 0.629
1
RMS: 1.724
1
RMS: 0.613
1
RMS: 1.676
1
RMS: 1.293
1
RMS: 1.013
1
RMS: 0.768
1
RMS: 0.767
1
RMS: 0.678
1
RMS: 1.497
1
RMS: 0.930
1
RMS: 0.857
1
RMS: 1.777
1
RMS: 1.850
1
RMS: 1.054
1
RMS: 1.307
1
RMS: 1.095
1
RMS: 1.074
1
RMS: 0.819
1
RMS: 0.756
1
RMS: 0.804
1
RMS: 0.636
1
RMS: 1.532
1
RMS: 0.860
1
RMS: 1.094
1
RMS: 1.622
1
RMS: 0.884
1
RMS: 0.801
1
RMS: 1.400
1
RMS: 0.848
1
RMS: 1.049
1
RMS: 1.118
1
RMS: 0.798
1
RMS: 1.180
1
RMS: 1.663
1
RMS: 1.597
1
RMS: 1.139
1
RMS: 1.013
1
RMS: 0.991
1
RMS: 0.952
1
RMS: 1.007
1
RMS: 0.854
1
RMS: 1.129
1
RMS: 0.829
1
RMS: 1.160
1
RMS: 0.979
1
RMS: 1.175
1
RMS: 1.483
1
RMS: 1.780
1
RMS: 1.130
1
RMS: 1.133
1
RMS: 0.598
1
RMS: 0.841
1
RMS: 1.269
1
RMS: 1.482
1
RMS: 1.171
1
RMS: 0.903
1
RMS: 0.914
1
RMS: 0.640
1
RMS: 0.966
1
RMS: 1.208
1
RMS: 0.900
1
RMS: 0.682
1
RMS: 1.743
1
RMS: 1.114
1
RMS: 0.993
1
RMS: 1.073
1
RMS: 1.432
1
RMS: 1.164
1
RMS: 1.063
1
RMS: 1.225
1
RMS: 1.204
1
RMS: 1.364
1
RMS: 0.906
1
RMS: 0.967
1
RMS: 1.204
1
RMS: 1.595
1
RMS: 0.862
1
RMS: 2.032
1
RMS: 1.273
1
RMS: 1.310
1
RMS: 1.383
1
RMS: 1.022
1
RMS: 1.323
1
RMS: 1.539
1
RMS: 0.981
1
RMS: 1.117
1
RMS: 1.080
1
RMS: 1.293
1
RMS: 1.227
1

