Reference: complex_45w.pdb
Working directory: /trinity/home/enmr/csb_webserver/data/results/haddock24/7999758290/188213-HES1_refinement-h24_dr_unambg/structures/it1/water/CAPRI_analysis
List of PDB files: file.nam-analysis
Analysis directory: CAPRI_analysis
Scripts directory: /trinity/home/enmr/csb_webserver/data/results/haddock24/7999758290/188213-HES1_refinement-h24_dr_unambg/structures/it1/water/CAPRI_analysis/../analysis/
Reference contact file (created later on): complex_45w.contacts
Contacts list: file.nam-analysis_contacts
Starts analysis script...
Contacts files creation...
DONE
FNAT calculation...
fnat file ok
DONE
i-RMSD calculation...
irmsd file ok
DONE
l-RMSD calculation...
lrmsd file ok
DONE
Values compiled file ok
DONE
