d(H-D)=    2.11 +-  0.19 #hb=   32  atoms "A   -534 -ARG -HE  " and "B   -2   -PHE -O   "
d(H-D)=    2.24 +-  0.13 #hb=    2  atoms "A   -534 -ARG -HE  " and "B   -3   -TYR -OH  "
d(H-D)=    2.18 +-  0.24 #hb=   21  atoms "A   -534 -ARG -HH1#" and "B   -2   -PHE -O   "
d(H-D)=    2.14 +-  0.21 #hb=   45  atoms "A   -534 -ARG -HH1#" and "B   -3   -TYR -OH  "
d(H-D)=    2.05 +-  0.30 #hb=   37  atoms "A   -534 -ARG -HH2#" and "B   -2   -PHE -O   "
d(H-D)=    2.15 +-  0.23 #hb=   43  atoms "A   -534 -ARG -HH2#" and "B   -3   -TYR -OH  "
d(H-D)=    1.83 +-  0.21 #hb=   33  atoms "A   -550 -GLU -OE# " and "B   -3   -TYR -HH  "
d(H-D)=    2.43 +-  0.02 #hb=    2  atoms "A   -550 -GLU -OE# " and "B   -4   -ILE -HN  "
d(H-D)=    2.44 +-  0.00 #hb=    1  atoms "A   -577 -CYS -O   " and "B   -3   -TYR -HH  "
d(H-D)=    1.97 +-  0.22 #hb=   16  atoms "A   -578 -TYR -HH  " and "B   -3   -TYR -OH  "
d(H-D)=    1.96 +-  0.12 #hb=    2  atoms "A   -578 -TYR -OH  " and "B   -1   -MET -HN  "
d(H-D)=    1.83 +-  0.06 #hb=    2  atoms "A   -578 -TYR -OH  " and "B   -2   -PHE -HN  "
d(H-D)=    1.91 +-  0.09 #hb=    3  atoms "A   -578 -TYR -OH  " and "B   -3   -TYR -HH  "
d(H-D)=    2.05 +-  0.14 #hb=    2  atoms "A   -594 -SER -HG  " and "B   -3   -TYR -OH  "
d(H-D)=    2.22 +-  0.05 #hb=    2  atoms "A   -594 -SER -OG  " and "B   -3   -TYR -HH  "
d(H-D)=    2.06 +-  0.23 #hb=   20  atoms "A   -618 -GLY -O   " and "B   -1   -MET -HN  "
d(H-D)=    2.26 +-  0.11 #hb=   40  atoms "A   -618 -GLY -O   " and "B   -2   -PHE -HN  "
d(H-D)=    1.92 +-  0.13 #hb=   60  atoms "A   -619 -ALA -O   " and "B   -1   -MET -HN  "
d(H-D)=    2.25 +-  0.17 #hb=   21  atoms "A   -620 -SER -OG  " and "B   -1   -MET -HN  "
d(H-D)=    1.81 +-  0.15 #hb=  102  atoms "A   -718 -LYS -HZ# " and "B   -7   -ILE -O   "
d(H-D)=    2.25 +-  0.14 #hb=   16  atoms "A   -718 -LYS -HZ# " and "B   -8   -LEU -O   "
d(H-D)=    1.97 +-  0.00 #hb=    1  atoms "A   -718 -LYS -HZ# " and "B   -9   -ALA -O   "
