d(H-D)=    3.81 +-  0.04 #hb=    5  atoms "A   -486 -VAL -CG1 " and "B   -8   -LEU -CD1 "
d(H-D)=    3.79 +-  0.07 #hb=   93  atoms "A   -486 -VAL -CG1 " and "B   -8   -LEU -CD2 "
d(H-D)=    3.79 +-  0.00 #hb=    1  atoms "A   -488 -CYS -CB  " and "B   -4   -ILE -CD1 "
d(H-D)=    3.79 +-  0.07 #hb=    3  atoms "A   -534 -ARG -CB  " and "B   -2   -PHE -CD1 "
d(H-D)=    3.75 +-  0.06 #hb=    5  atoms "A   -534 -ARG -CB  " and "B   -2   -PHE -CD2 "
d(H-D)=    3.70 +-  0.10 #hb=   13  atoms "A   -534 -ARG -CB  " and "B   -2   -PHE -CE1 "
d(H-D)=    3.75 +-  0.13 #hb=    4  atoms "A   -534 -ARG -CB  " and "B   -2   -PHE -CE2 "
d(H-D)=    3.82 +-  0.02 #hb=    2  atoms "A   -534 -ARG -CB  " and "B   -2   -PHE -CZ  "
d(H-D)=    3.85 +-  0.02 #hb=    3  atoms "A   -534 -ARG -CD  " and "B   -2   -PHE -CA  "
d(H-D)=    3.47 +-  0.15 #hb=   30  atoms "A   -534 -ARG -CD  " and "B   -2   -PHE -CB  "
d(H-D)=    3.72 +-  0.12 #hb=    6  atoms "A   -534 -ARG -CD  " and "B   -2   -PHE -CD1 "
d(H-D)=    3.69 +-  0.02 #hb=    2  atoms "A   -534 -ARG -CD  " and "B   -2   -PHE -CD2 "
d(H-D)=    3.64 +-  0.00 #hb=    1  atoms "A   -534 -ARG -CD  " and "B   -2   -PHE -CE2 "
d(H-D)=    3.87 +-  0.02 #hb=    3  atoms "A   -534 -ARG -CD  " and "B   -2   -PHE -CG  "
d(H-D)=    3.49 +-  0.13 #hb=    6  atoms "A   -534 -ARG -CD  " and "B   -3   -TYR -CE1 "
d(H-D)=    3.64 +-  0.12 #hb=    4  atoms "A   -534 -ARG -CD  " and "B   -3   -TYR -CZ  "
d(H-D)=    3.73 +-  0.05 #hb=    3  atoms "A   -534 -ARG -CD  " and "B   -4   -ILE -CD1 "
d(H-D)=    3.79 +-  0.10 #hb=   15  atoms "A   -534 -ARG -CD  " and "B   -4   -ILE -CG1 "
d(H-D)=    3.70 +-  0.14 #hb=    9  atoms "A   -534 -ARG -CG  " and "B   -2   -PHE -CB  "
d(H-D)=    3.75 +-  0.13 #hb=    9  atoms "A   -534 -ARG -CG  " and "B   -2   -PHE -CD1 "
d(H-D)=    3.81 +-  0.06 #hb=    9  atoms "A   -534 -ARG -CG  " and "B   -2   -PHE -CD2 "
d(H-D)=    3.78 +-  0.09 #hb=    9  atoms "A   -534 -ARG -CG  " and "B   -2   -PHE -CE1 "
d(H-D)=    3.75 +-  0.14 #hb=    2  atoms "A   -534 -ARG -CG  " and "B   -2   -PHE -CE2 "
d(H-D)=    3.70 +-  0.09 #hb=    6  atoms "A   -534 -ARG -CG  " and "B   -3   -TYR -CE1 "
d(H-D)=    3.79 +-  0.00 #hb=    1  atoms "A   -534 -ARG -CG  " and "B   -3   -TYR -CE2 "
d(H-D)=    3.72 +-  0.09 #hb=    3  atoms "A   -534 -ARG -CG  " and "B   -3   -TYR -CZ  "
d(H-D)=    3.81 +-  0.07 #hb=   10  atoms "A   -534 -ARG -CG  " and "B   -4   -ILE -CD1 "
d(H-D)=    3.77 +-  0.07 #hb=   38  atoms "A   -534 -ARG -CG  " and "B   -4   -ILE -CG1 "
d(H-D)=    3.87 +-  0.01 #hb=    4  atoms "A   -534 -ARG -CZ  " and "B   -2   -PHE -C   "
d(H-D)=    3.78 +-  0.09 #hb=   10  atoms "A   -534 -ARG -CZ  " and "B   -2   -PHE -CA  "
d(H-D)=    3.76 +-  0.08 #hb=   18  atoms "A   -534 -ARG -CZ  " and "B   -2   -PHE -CB  "
d(H-D)=    3.86 +-  0.01 #hb=    4  atoms "A   -534 -ARG -CZ  " and "B   -2   -PHE -CD1 "
d(H-D)=    3.81 +-  0.00 #hb=    1  atoms "A   -534 -ARG -CZ  " and "B   -2   -PHE -CD2 "
d(H-D)=    3.85 +-  0.04 #hb=    2  atoms "A   -534 -ARG -CZ  " and "B   -2   -PHE -CE1 "
d(H-D)=    3.76 +-  0.00 #hb=    1  atoms "A   -534 -ARG -CZ  " and "B   -2   -PHE -CE2 "
d(H-D)=    3.89 +-  0.00 #hb=    1  atoms "A   -534 -ARG -CZ  " and "B   -2   -PHE -CG  "
d(H-D)=    3.82 +-  0.05 #hb=    5  atoms "A   -534 -ARG -CZ  " and "B   -3   -TYR -CD1 "
d(H-D)=    3.71 +-  0.12 #hb=   36  atoms "A   -534 -ARG -CZ  " and "B   -3   -TYR -CE1 "
d(H-D)=    3.79 +-  0.09 #hb=    2  atoms "A   -534 -ARG -CZ  " and "B   -3   -TYR -CE2 "
d(H-D)=    3.71 +-  0.11 #hb=   34  atoms "A   -534 -ARG -CZ  " and "B   -3   -TYR -CZ  "
d(H-D)=    3.77 +-  0.05 #hb=    4  atoms "A   -534 -ARG -CZ  " and "B   -4   -ILE -CD1 "
d(H-D)=    3.75 +-  0.09 #hb=    4  atoms "A   -534 -ARG -CZ  " and "B   -4   -ILE -CG1 "
d(H-D)=    3.66 +-  0.00 #hb=    1  atoms "A   -550 -GLU -CB  " and "B   -3   -TYR -CE1 "
d(H-D)=    3.83 +-  0.00 #hb=    1  atoms "A   -550 -GLU -CB  " and "B   -3   -TYR -CE2 "
d(H-D)=    3.85 +-  0.03 #hb=    2  atoms "A   -550 -GLU -CD  " and "B   -3   -TYR -CD1 "
d(H-D)=    3.71 +-  0.12 #hb=   62  atoms "A   -550 -GLU -CD  " and "B   -3   -TYR -CE1 "
d(H-D)=    3.73 +-  0.00 #hb=    1  atoms "A   -550 -GLU -CD  " and "B   -3   -TYR -CE2 "
d(H-D)=    3.75 +-  0.12 #hb=   18  atoms "A   -550 -GLU -CD  " and "B   -3   -TYR -CZ  "
d(H-D)=    3.85 +-  0.01 #hb=    2  atoms "A   -550 -GLU -CG  " and "B   -3   -TYR -CD1 "
d(H-D)=    3.61 +-  0.14 #hb=   34  atoms "A   -550 -GLU -CG  " and "B   -3   -TYR -CE1 "
d(H-D)=    3.68 +-  0.15 #hb=    2  atoms "A   -550 -GLU -CG  " and "B   -3   -TYR -CE2 "
d(H-D)=    3.78 +-  0.08 #hb=    4  atoms "A   -550 -GLU -CG  " and "B   -3   -TYR -CZ  "
d(H-D)=    3.70 +-  0.12 #hb=    3  atoms "A   -576 -ALA -CB  " and "B   -3   -TYR -CE1 "
d(H-D)=    3.81 +-  0.00 #hb=    1  atoms "A   -576 -ALA -CB  " and "B   -3   -TYR -CE2 "
d(H-D)=    3.79 +-  0.06 #hb=   32  atoms "A   -578 -TYR -CA  " and "B   -2   -PHE -CD1 "
d(H-D)=    3.81 +-  0.03 #hb=    9  atoms "A   -578 -TYR -CA  " and "B   -2   -PHE -CD2 "
d(H-D)=    3.83 +-  0.05 #hb=    9  atoms "A   -578 -TYR -CA  " and "B   -2   -PHE -CE1 "
d(H-D)=    3.80 +-  0.04 #hb=    4  atoms "A   -578 -TYR -CA  " and "B   -2   -PHE -CE2 "
d(H-D)=    3.90 +-  0.00 #hb=    1  atoms "A   -578 -TYR -CA  " and "B   -2   -PHE -CZ  "
d(H-D)=    3.77 +-  0.08 #hb=   34  atoms "A   -578 -TYR -C   " and "B   -2   -PHE -CD1 "
d(H-D)=    3.81 +-  0.08 #hb=   10  atoms "A   -578 -TYR -C   " and "B   -2   -PHE -CD2 "
d(H-D)=    3.69 +-  0.13 #hb=   74  atoms "A   -578 -TYR -C   " and "B   -2   -PHE -CE1 "
d(H-D)=    3.72 +-  0.12 #hb=   24  atoms "A   -578 -TYR -C   " and "B   -2   -PHE -CE2 "
d(H-D)=    3.70 +-  0.12 #hb=   51  atoms "A   -578 -TYR -C   " and "B   -2   -PHE -CZ  "
d(H-D)=    3.87 +-  0.00 #hb=    1  atoms "A   -578 -TYR -CB  " and "B   -2   -PHE -CB  "
d(H-D)=    3.54 +-  0.17 #hb=   69  atoms "A   -578 -TYR -CB  " and "B   -2   -PHE -CD1 "
d(H-D)=    3.60 +-  0.18 #hb=   30  atoms "A   -578 -TYR -CB  " and "B   -2   -PHE -CD2 "
d(H-D)=    3.62 +-  0.18 #hb=   80  atoms "A   -578 -TYR -CB  " and "B   -2   -PHE -CE1 "
d(H-D)=    3.56 +-  0.17 #hb=   45  atoms "A   -578 -TYR -CB  " and "B   -2   -PHE -CE2 "
d(H-D)=    3.71 +-  0.12 #hb=   27  atoms "A   -578 -TYR -CB  " and "B   -2   -PHE -CZ  "
d(H-D)=    3.67 +-  0.20 #hb=    7  atoms "A   -578 -TYR -CD1 " and "B   -2   -PHE -CA  "
d(H-D)=    3.51 +-  0.00 #hb=    1  atoms "A   -578 -TYR -CD1 " and "B   -2   -PHE -CB  "
d(H-D)=    3.55 +-  0.12 #hb=    6  atoms "A   -578 -TYR -CD1 " and "B   -2   -PHE -CD1 "
d(H-D)=    3.79 +-  0.10 #hb=    2  atoms "A   -578 -TYR -CD1 " and "B   -2   -PHE -CD2 "
d(H-D)=    3.70 +-  0.09 #hb=    3  atoms "A   -578 -TYR -CD1 " and "B   -2   -PHE -CE1 "
d(H-D)=    3.78 +-  0.02 #hb=    2  atoms "A   -578 -TYR -CD1 " and "B   -2   -PHE -CE2 "
d(H-D)=    3.62 +-  0.17 #hb=   89  atoms "A   -578 -TYR -CD2 " and "B   -2   -PHE -CA  "
d(H-D)=    3.55 +-  0.18 #hb=   25  atoms "A   -578 -TYR -CD2 " and "B   -2   -PHE -CB  "
d(H-D)=    3.71 +-  0.12 #hb=   41  atoms "A   -578 -TYR -CD2 " and "B   -2   -PHE -CD1 "
d(H-D)=    3.66 +-  0.14 #hb=   27  atoms "A   -578 -TYR -CD2 " and "B   -2   -PHE -CD2 "
d(H-D)=    3.80 +-  0.06 #hb=    4  atoms "A   -578 -TYR -CD2 " and "B   -2   -PHE -CE2 "
d(H-D)=    3.76 +-  0.08 #hb=    4  atoms "A   -578 -TYR -CD2 " and "B   -2   -PHE -CG  "
d(H-D)=    3.66 +-  0.25 #hb=    4  atoms "A   -578 -TYR -CD2 " and "B   -3   -TYR -CE2 "
d(H-D)=    3.85 +-  0.00 #hb=    1  atoms "A   -578 -TYR -CD2 " and "B   -3   -TYR -CZ  "
d(H-D)=    3.87 +-  0.00 #hb=    1  atoms "A   -578 -TYR -CE1 " and "B   -1   -MET -CB  "
d(H-D)=    3.71 +-  0.08 #hb=    9  atoms "A   -578 -TYR -CE1 " and "B   -2   -PHE -CA  "
d(H-D)=    3.87 +-  0.00 #hb=    1  atoms "A   -578 -TYR -CE1 " and "B   -2   -PHE -CB  "
d(H-D)=    3.63 +-  0.00 #hb=    1  atoms "A   -578 -TYR -CE1 " and "B   -3   -TYR -CD2 "
d(H-D)=    3.65 +-  0.13 #hb=   10  atoms "A   -578 -TYR -CE1 " and "B   -3   -TYR -CE2 "
d(H-D)=    3.64 +-  0.07 #hb=    2  atoms "A   -578 -TYR -CE2 " and "B   -1   -MET -CE  "
d(H-D)=    3.76 +-  0.11 #hb=    6  atoms "A   -578 -TYR -CE2 " and "B   -2   -PHE -C   "
d(H-D)=    3.62 +-  0.15 #hb=   91  atoms "A   -578 -TYR -CE2 " and "B   -2   -PHE -CA  "
d(H-D)=    3.87 +-  0.00 #hb=    1  atoms "A   -578 -TYR -CE2 " and "B   -2   -PHE -CB  "
d(H-D)=    3.67 +-  0.00 #hb=    1  atoms "A   -578 -TYR -CE2 " and "B   -3   -TYR -CD1 "
d(H-D)=    3.73 +-  0.09 #hb=    6  atoms "A   -578 -TYR -CE2 " and "B   -3   -TYR -CD2 "
d(H-D)=    3.57 +-  0.15 #hb=   13  atoms "A   -578 -TYR -CE2 " and "B   -3   -TYR -CE1 "
d(H-D)=    3.56 +-  0.18 #hb=  103  atoms "A   -578 -TYR -CE2 " and "B   -3   -TYR -CE2 "
d(H-D)=    3.72 +-  0.11 #hb=   46  atoms "A   -578 -TYR -CE2 " and "B   -3   -TYR -CZ  "
d(H-D)=    3.72 +-  0.14 #hb=    3  atoms "A   -578 -TYR -CG  " and "B   -2   -PHE -CB  "
d(H-D)=    3.75 +-  0.10 #hb=   42  atoms "A   -578 -TYR -CG  " and "B   -2   -PHE -CD1 "
d(H-D)=    3.69 +-  0.13 #hb=   19  atoms "A   -578 -TYR -CG  " and "B   -2   -PHE -CD2 "
d(H-D)=    3.76 +-  0.07 #hb=   10  atoms "A   -578 -TYR -CG  " and "B   -2   -PHE -CE1 "
d(H-D)=    3.79 +-  0.06 #hb=   11  atoms "A   -578 -TYR -CG  " and "B   -2   -PHE -CE2 "
d(H-D)=    3.82 +-  0.03 #hb=    2  atoms "A   -578 -TYR -CZ  " and "B   -2   -PHE -CA  "
d(H-D)=    3.76 +-  0.10 #hb=    3  atoms "A   -578 -TYR -CZ  " and "B   -3   -TYR -CD2 "
d(H-D)=    3.70 +-  0.02 #hb=    2  atoms "A   -578 -TYR -CZ  " and "B   -3   -TYR -CE1 "
d(H-D)=    3.72 +-  0.14 #hb=   63  atoms "A   -578 -TYR -CZ  " and "B   -3   -TYR -CE2 "
d(H-D)=    3.81 +-  0.03 #hb=    6  atoms "A   -578 -TYR -CZ  " and "B   -3   -TYR -CZ  "
d(H-D)=    3.88 +-  0.01 #hb=    3  atoms "A   -579 -ALA -CA  " and "B   -2   -PHE -CZ  "
d(H-D)=    3.76 +-  0.09 #hb=   15  atoms "A   -579 -ALA -CB  " and "B   -2   -PHE -CE1 "
d(H-D)=    3.80 +-  0.08 #hb=    7  atoms "A   -579 -ALA -CB  " and "B   -2   -PHE -CE2 "
d(H-D)=    3.67 +-  0.13 #hb=   60  atoms "A   -579 -ALA -CB  " and "B   -2   -PHE -CZ  "
d(H-D)=    3.79 +-  0.00 #hb=    1  atoms "A   -617 -ASP -CB  " and "B   -1   -MET -CE  "
d(H-D)=    3.77 +-  0.00 #hb=    1  atoms "A   -618 -GLY -CA  " and "B   -1   -MET -CA  "
d(H-D)=    3.75 +-  0.07 #hb=    9  atoms "A   -618 -GLY -CA  " and "B   -1   -MET -CE  "
d(H-D)=    3.66 +-  0.06 #hb=    4  atoms "A   -618 -GLY -CA  " and "B   -1   -MET -CG  "
d(H-D)=    3.71 +-  0.11 #hb=    9  atoms "A   -619 -ALA -CA  " and "B   -2   -PHE -CE1 "
d(H-D)=    3.74 +-  0.08 #hb=    8  atoms "A   -619 -ALA -CA  " and "B   -2   -PHE -CE2 "
d(H-D)=    3.82 +-  0.05 #hb=    2  atoms "A   -619 -ALA -C   " and "B   -2   -PHE -CD1 "
d(H-D)=    3.81 +-  0.08 #hb=    2  atoms "A   -619 -ALA -C   " and "B   -2   -PHE -CD2 "
d(H-D)=    3.65 +-  0.16 #hb=   25  atoms "A   -619 -ALA -C   " and "B   -2   -PHE -CE1 "
d(H-D)=    3.55 +-  0.13 #hb=   17  atoms "A   -619 -ALA -C   " and "B   -2   -PHE -CE2 "
d(H-D)=    3.75 +-  0.08 #hb=    6  atoms "A   -619 -ALA -C   " and "B   -2   -PHE -CZ  "
d(H-D)=    3.77 +-  0.00 #hb=    1  atoms "A   -619 -ALA -CB  " and "B   -2   -PHE -CE1 "
d(H-D)=    3.81 +-  0.02 #hb=    3  atoms "A   -620 -SER -CA  " and "B   -2   -PHE -CE2 "
d(H-D)=    3.76 +-  0.00 #hb=    1  atoms "A   -620 -SER -CA  " and "B   -2   -PHE -CZ  "
d(H-D)=    3.79 +-  0.07 #hb=   11  atoms "A   -620 -SER -C   " and "B   -2   -PHE -CE1 "
d(H-D)=    3.80 +-  0.08 #hb=   22  atoms "A   -620 -SER -C   " and "B   -2   -PHE -CE2 "
d(H-D)=    3.73 +-  0.10 #hb=   57  atoms "A   -620 -SER -C   " and "B   -2   -PHE -CZ  "
d(H-D)=    3.85 +-  0.00 #hb=    1  atoms "A   -620 -SER -CB  " and "B   -1   -MET -CA  "
d(H-D)=    3.70 +-  0.12 #hb=   20  atoms "A   -620 -SER -CB  " and "B   -2   -PHE -CD1 "
d(H-D)=    3.75 +-  0.10 #hb=   26  atoms "A   -620 -SER -CB  " and "B   -2   -PHE -CD2 "
d(H-D)=    3.62 +-  0.13 #hb=   30  atoms "A   -620 -SER -CB  " and "B   -2   -PHE -CE1 "
d(H-D)=    3.63 +-  0.14 #hb=   51  atoms "A   -620 -SER -CB  " and "B   -2   -PHE -CE2 "
d(H-D)=    3.63 +-  0.14 #hb=   21  atoms "A   -620 -SER -CB  " and "B   -2   -PHE -CZ  "
d(H-D)=    3.79 +-  0.07 #hb=    6  atoms "A   -621 -CYS -CA  " and "B   -2   -PHE -CZ  "
d(H-D)=    3.71 +-  0.08 #hb=    3  atoms "A   -621 -CYS -CB  " and "B   -2   -PHE -CZ  "
d(H-D)=    3.85 +-  0.00 #hb=    3  atoms "A   -636 -LEU -CB  " and "B   -1   -MET -CA  "
d(H-D)=    3.84 +-  0.04 #hb=    3  atoms "A   -636 -LEU -CB  " and "B   -1   -MET -CB  "
d(H-D)=    3.77 +-  0.00 #hb=    1  atoms "A   -636 -LEU -CB  " and "B   -1   -MET -CE  "
d(H-D)=    3.78 +-  0.00 #hb=    1  atoms "A   -636 -LEU -CD1 " and "B   -1   -MET -CA  "
d(H-D)=    3.87 +-  0.02 #hb=    2  atoms "A   -636 -LEU -CD1 " and "B   -1   -MET -CB  "
d(H-D)=    3.74 +-  0.00 #hb=    1  atoms "A   -636 -LEU -CD1 " and "B   -1   -MET -CE  "
d(H-D)=    3.78 +-  0.10 #hb=    4  atoms "A   -636 -LEU -CD1 " and "B   -1   -MET -CG  "
d(H-D)=    3.76 +-  0.08 #hb=   27  atoms "A   -636 -LEU -CD2 " and "B   -1   -MET -CA  "
d(H-D)=    3.79 +-  0.07 #hb=   19  atoms "A   -636 -LEU -CD2 " and "B   -1   -MET -CB  "
d(H-D)=    3.77 +-  0.08 #hb=   12  atoms "A   -636 -LEU -CD2 " and "B   -1   -MET -CG  "
d(H-D)=    3.81 +-  0.02 #hb=    2  atoms "A   -636 -LEU -CD2 " and "B   -2   -PHE -CD1 "
d(H-D)=    3.75 +-  0.00 #hb=    1  atoms "A   -636 -LEU -CD2 " and "B   -2   -PHE -CD2 "
d(H-D)=    3.68 +-  0.04 #hb=    2  atoms "A   -636 -LEU -CD2 " and "B   -2   -PHE -CE2 "
d(H-D)=    3.68 +-  0.14 #hb=   59  atoms "A   -636 -LEU -CG  " and "B   -1   -MET -CA  "
d(H-D)=    3.68 +-  0.13 #hb=   48  atoms "A   -636 -LEU -CG  " and "B   -1   -MET -CB  "
d(H-D)=    3.85 +-  0.00 #hb=    1  atoms "A   -636 -LEU -CG  " and "B   -1   -MET -CE  "
d(H-D)=    3.73 +-  0.12 #hb=   40  atoms "A   -636 -LEU -CG  " and "B   -1   -MET -CG  "
d(H-D)=    3.84 +-  0.00 #hb=    1  atoms "A   -661 -PHE -CA  " and "B   -2   -PHE -CZ  "
d(H-D)=    3.86 +-  0.00 #hb=    1  atoms "A   -661 -PHE -CD1 " and "B   -2   -PHE -CE2 "
d(H-D)=    3.87 +-  0.02 #hb=    2  atoms "A   -661 -PHE -CD2 " and "B   -2   -PHE -CD1 "
d(H-D)=    3.62 +-  0.00 #hb=    1  atoms "A   -661 -PHE -CD2 " and "B   -2   -PHE -CD2 "
d(H-D)=    3.87 +-  0.01 #hb=    2  atoms "A   -661 -PHE -CD2 " and "B   -2   -PHE -CE2 "
d(H-D)=    3.80 +-  0.00 #hb=    1  atoms "A   -661 -PHE -CD2 " and "B   -2   -PHE -CZ  "
d(H-D)=    3.82 +-  0.00 #hb=    1  atoms "A   -661 -PHE -CE1 " and "B   -1   -MET -C   "
d(H-D)=    3.62 +-  0.00 #hb=    1  atoms "A   -661 -PHE -CE1 " and "B   -1   -MET -CA  "
d(H-D)=    3.88 +-  0.01 #hb=    2  atoms "A   -661 -PHE -CE1 " and "B   -1   -MET -CB  "
d(H-D)=    3.81 +-  0.05 #hb=    3  atoms "A   -661 -PHE -CE1 " and "B   -7   -ILE -CD1 "
d(H-D)=    3.79 +-  0.05 #hb=    3  atoms "A   -661 -PHE -CE2 " and "B   -1   -MET -CA  "
d(H-D)=    3.75 +-  0.10 #hb=   17  atoms "A   -661 -PHE -CE2 " and "B   -1   -MET -CB  "
d(H-D)=    3.73 +-  0.10 #hb=    2  atoms "A   -661 -PHE -CE2 " and "B   -2   -PHE -CD1 "
d(H-D)=    3.74 +-  0.15 #hb=    2  atoms "A   -661 -PHE -CE2 " and "B   -2   -PHE -CD2 "
d(H-D)=    3.82 +-  0.00 #hb=    1  atoms "A   -661 -PHE -CE2 " and "B   -2   -PHE -CE1 "
d(H-D)=    3.71 +-  0.00 #hb=    1  atoms "A   -661 -PHE -CE2 " and "B   -2   -PHE -CE2 "
d(H-D)=    3.80 +-  0.08 #hb=   12  atoms "A   -661 -PHE -CE2 " and "B   -7   -ILE -CD1 "
d(H-D)=    3.83 +-  0.00 #hb=    1  atoms "A   -661 -PHE -CE2 " and "B   -7   -ILE -CG1 "
d(H-D)=    3.86 +-  0.04 #hb=    3  atoms "A   -661 -PHE -CZ  " and "B   -1   -MET -CA  "
d(H-D)=    3.72 +-  0.11 #hb=   30  atoms "A   -661 -PHE -CZ  " and "B   -1   -MET -CB  "
d(H-D)=    3.89 +-  0.00 #hb=    1  atoms "A   -661 -PHE -CZ  " and "B   -2   -PHE -CE2 "
d(H-D)=    3.74 +-  0.11 #hb=   20  atoms "A   -661 -PHE -CZ  " and "B   -7   -ILE -CD1 "
d(H-D)=    3.85 +-  0.00 #hb=    1  atoms "A   -661 -PHE -CZ  " and "B   -7   -ILE -CG1 "
d(H-D)=    3.78 +-  0.07 #hb=   21  atoms "A   -661 -PHE -CZ  " and "B   -7   -ILE -CG2 "
d(H-D)=    3.72 +-  0.08 #hb=   15  atoms "A   -702 -LEU -CD1 " and "B   -7   -ILE -CD1 "
d(H-D)=    3.76 +-  0.08 #hb=   20  atoms "A   -702 -LEU -CD1 " and "B   -7   -ILE -CG1 "
d(H-D)=    3.88 +-  0.00 #hb=    1  atoms "A   -702 -LEU -CD1 " and "B   -7   -ILE -CG2 "
d(H-D)=    3.69 +-  0.08 #hb=  138  atoms "A   -702 -LEU -CD2 " and "B   -7   -ILE -CD1 "
d(H-D)=    3.74 +-  0.09 #hb=  148  atoms "A   -702 -LEU -CD2 " and "B   -7   -ILE -CG1 "
d(H-D)=    3.79 +-  0.00 #hb=    1  atoms "A   -702 -LEU -CD2 " and "B   -7   -ILE -CG2 "
d(H-D)=    3.59 +-  0.06 #hb=    3  atoms "A   -702 -LEU -CG  " and "B   -7   -ILE -CD1 "
d(H-D)=    3.81 +-  0.07 #hb=   16  atoms "A   -718 -LYS -CD  " and "B   -7   -ILE -CD1 "
d(H-D)=    3.74 +-  0.00 #hb=    1  atoms "A   -718 -LYS -CD  " and "B   -7   -ILE -CG1 "
d(H-D)=    3.80 +-  0.09 #hb=   23  atoms "A   -743 -LEU -CD1 " and "B   -4   -ILE -CD1 "
d(H-D)=    3.83 +-  0.07 #hb=    3  atoms "A   -743 -LEU -CD1 " and "B   -4   -ILE -CG2 "
d(H-D)=    3.69 +-  0.06 #hb=    5  atoms "A   -743 -LEU -CD1 " and "B   -7   -ILE -CD1 "
d(H-D)=    3.78 +-  0.00 #hb=    1  atoms "A   -743 -LEU -CD1 " and "B   -7   -ILE -CG1 "
d(H-D)=    3.83 +-  0.07 #hb=   11  atoms "A   -743 -LEU -CD1 " and "B   -8   -LEU -CD1 "
d(H-D)=    3.78 +-  0.09 #hb=    3  atoms "A   -743 -LEU -CD1 " and "B   -8   -LEU -CD2 "
d(H-D)=    3.82 +-  0.07 #hb=   22  atoms "A   -743 -LEU -CD2 " and "B   -4   -ILE -CD1 "
d(H-D)=    3.76 +-  0.10 #hb=   19  atoms "A   -743 -LEU -CD2 " and "B   -4   -ILE -CG2 "
d(H-D)=    3.73 +-  0.07 #hb=    5  atoms "A   -743 -LEU -CD2 " and "B   -7   -ILE -CD1 "
d(H-D)=    3.84 +-  0.05 #hb=   33  atoms "A   -743 -LEU -CD2 " and "B   -8   -LEU -CD1 "
d(H-D)=    3.79 +-  0.07 #hb=    3  atoms "A   -743 -LEU -CD2 " and "B   -8   -LEU -CD2 "
d(H-D)=    3.85 +-  0.00 #hb=    1  atoms "A   -743 -LEU -CG  " and "B   -4   -ILE -CD1 "
