Rexp=   8.400 Rave=   8.854 Viol=  -0.455 #viol=  298 (    B     2   PHE    CA) (    A   594   SER    CA) 
Rexp=   8.500 Rave=   8.877 Viol=  -0.378 #viol=  377 (    B     2   PHE    CA) (    A   636   LEU    CA) 
Rexp=   7.500 Rave=   7.634 Viol=  -0.134 #viol=  350 (    B     8   LEU    CA) (    A   759   GLY    CA) 
Rexp=   7.900 Rave=   8.028 Viol=  -0.128 #viol=  333 (    B     4   ILE    CA) (    A   488   CYS    CA) 
Rexp=  10.100 Rave=  10.216 Viol=  -0.116 #viol=  229 (    B     4   ILE    CA) (    A   578   TYR    CA) 
Rexp=   7.300 Rave=   7.375 Viol=  -0.076 #viol=  168 (    B     4   ILE    CA) (    A   532   TYR    CA) 
Rexp=   9.500 Rave=   9.559 Viol=  -0.074 #viol=  149 (    B     3   TYR    CA) (    A   534   ARG    CA) 
Rexp=  12.700 Rave=  12.770 Viol=  -0.073 #viol=  139 (    B     6   ASP    CA) (    A   700   CYS    CA) 
Rexp=  13.400 Rave=  13.469 Viol=  -0.072 #viol=  110 (    B     6   ASP    CA) (    A   661   PHE    CA) 
Rexp=  13.500 Rave=  13.556 Viol=  -0.062 #viol=  124 (    B     9   ALA    CA) (    A   700   CYS    CA) 
Rexp=   8.600 Rave=   8.615 Viol=  -0.041 #viol=   85 (    B     7   ILE    CA) (    A   718   LYS    CA) 
Rexp=   8.100 Rave=   8.127 Viol=  -0.036 #viol=   22 (    B     8   LEU    CA) (    A   741   SER    CA) 
Rexp=   9.400 Rave=   9.400 Viol=  -0.030 #viol=   33 (    B     7   ILE    CA) (    A   700   CYS    CA) 
Rexp=  11.100 Rave=  11.042 Viol=  -0.013 #viol=   28 (    B     5   GLU    CA) (    A   488   CYS    CA) 
Rexp=   9.200 Rave=   9.144 Viol=  -0.010 #viol=  142 (    B     3   TYR    CA) (    A   578   TYR    CA) 
Rexp=  13.300 Rave=  13.064 Viol=   0.036 #viol=   49 (    B     9   ALA    CA) (    A   743   LEU    CA) 
Rexp=  11.300 Rave=  11.063 Viol=   0.041 #viol=   45 (    B     9   ALA    CA) (    A   741   SER    CA) 
Rexp=  12.100 Rave=  11.879 Viol=   0.041 #viol=   80 (    B     5   GLU    CA) (    A   743   LEU    CA) 
Rexp=   9.500 Rave=   9.250 Viol=   0.050 #viol=  142 (    B     8   LEU    CA) (    A   743   LEU    CA) 
Rexp=   9.400 Rave=   9.119 Viol=   0.081 #viol=  185 (    B     7   ILE    CA) (    A   702   LEU    CA) 
Rexp=  11.000 Rave=  10.733 Viol=   0.089 #viol=  208 (    B     3   TYR    CA) (    A   620   SER    CA) 
Rexp=  15.000 Rave=  14.668 Viol=   0.132 #viol=  356 (    B     9   ALA    CA) (    A   487   VAL    CA) 
Rexp=  10.000 Rave=   9.117 Viol=   0.683 #viol=  435 (    B     2   PHE    CA) (    A   661   PHE    CA) 
Rexp=   8.100 Rave=   6.629 Viol=   1.271 #viol=  376 (    B     2   PHE    CA) (    A   618   GLY    CA) 
