Rexp=   7.500 Rave=   9.990 Viol=  -2.490 #viol=  598 (    B     8   LEU    CA) (    A   759   GLY    CA) 
Rexp=   8.400 Rave=  10.069 Viol=  -1.669 #viol=  598 (    B     2   PHE    CA) (    A   594   SER    CA) 
Rexp=   8.100 Rave=   9.195 Viol=  -1.095 #viol=  598 (    B     8   LEU    CA) (    A   741   SER    CA) 
Rexp=   8.500 Rave=   8.854 Viol=  -0.354 #viol=  399 (    B     2   PHE    CA) (    A   636   LEU    CA) 
Rexp=   8.600 Rave=   8.876 Viol=  -0.276 #viol=  399 (    B     7   ILE    CA) (    A   718   LYS    CA) 
Rexp=  12.100 Rave=  11.336 Viol=   0.564 #viol=  598 (    B     5   GLU    CA) (    A   743   LEU    CA) 
Rexp=  11.100 Rave=  10.128 Viol=   0.772 #viol=  598 (    B     5   GLU    CA) (    A   488   CYS    CA) 
Rexp=  11.300 Rave=  10.251 Viol=   0.849 #viol=  598 (    B     9   ALA    CA) (    A   741   SER    CA) 
Rexp=   7.900 Rave=   6.803 Viol=   0.897 #viol=  598 (    B     4   ILE    CA) (    A   488   CYS    CA) 
Rexp=   7.300 Rave=   6.021 Viol=   1.079 #viol=  598 (    B     4   ILE    CA) (    A   532   TYR    CA) 
Rexp=  12.700 Rave=  11.301 Viol=   1.199 #viol=  598 (    B     6   ASP    CA) (    A   700   CYS    CA) 
Rexp=   9.200 Rave=   7.704 Viol=   1.296 #viol=  598 (    B     3   TYR    CA) (    A   578   TYR    CA) 
Rexp=   9.400 Rave=   7.500 Viol=   1.700 #viol=  598 (    B     7   ILE    CA) (    A   700   CYS    CA) 
Rexp=   9.400 Rave=   7.447 Viol=   1.753 #viol=  598 (    B     7   ILE    CA) (    A   702   LEU    CA) 
Rexp=  11.000 Rave=   8.961 Viol=   1.839 #viol=  598 (    B     3   TYR    CA) (    A   620   SER    CA) 
Rexp=   9.500 Rave=   7.427 Viol=   1.873 #viol=  598 (    B     3   TYR    CA) (    A   534   ARG    CA) 
Rexp=  13.400 Rave=  11.061 Viol=   2.139 #viol=  598 (    B     6   ASP    CA) (    A   661   PHE    CA) 
Rexp=  10.100 Rave=   7.322 Viol=   2.578 #viol=  598 (    B     4   ILE    CA) (    A   578   TYR    CA) 
Rexp=  13.500 Rave=  10.489 Viol=   2.811 #viol=  598 (    B     9   ALA    CA) (    A   700   CYS    CA) 
Rexp=  10.000 Rave=   6.352 Viol=   3.448 #viol=  598 (    B     2   PHE    CA) (    A   661   PHE    CA) 
Rexp=   9.500 Rave=   5.691 Viol=   3.609 #viol=  598 (    B     8   LEU    CA) (    A   743   LEU    CA) 
Rexp=   8.100 Rave=   3.182 Viol=   4.718 #viol=  598 (    B     2   PHE    CA) (    A   618   GLY    CA) 
Rexp=  15.000 Rave=   9.755 Viol=   5.045 #viol=  598 (    B     9   ALA    CA) (    A   487   VAL    CA) 
Rexp=  13.300 Rave=   7.218 Viol=   5.882 #viol=  598 (    B     9   ALA    CA) (    A   743   LEU    CA) 
